{"C:\\Users\\leena\\WebstormProjects\\seg-large-group\\backend\\config\\config.ts": {"path":"C:\\Users\\leena\\WebstormProjects\\seg-large-group\\backend\\config\\config.ts","statementMap":{"0":{"start":{"line":4,"column":13},"end":{"line":4,"column":66}},"1":{"start":{"line":6,"column":13},"end":{"line":6,"column":35}}},"fnMap":{},"branchMap":{},"s":{"0":13,"1":13},"f":{},"b":{}}
,"C:\\Users\\leena\\WebstormProjects\\seg-large-group\\backend\\db\\applications.ts": {"path":"C:\\Users\\leena\\WebstormProjects\\seg-large-group\\backend\\db\\applications.ts","statementMap":{"0":{"start":{"line":7,"column":19},"end":{"line":7,"column":65}},"1":{"start":{"line":9,"column":4},"end":{"line":17,"column":7}},"2":{"start":{"line":6,"column":0},"end":{"line":6,"column":22}},"3":{"start":{"line":21,"column":19},"end":{"line":21,"column":53}},"4":{"start":{"line":22,"column":16},"end":{"line":22,"column":34}},"5":{"start":{"line":24,"column":4},"end":{"line":28,"column":null}},"6":{"start":{"line":25,"column":8},"end":{"line":25,"column":41}},"7":{"start":{"line":27,"column":8},"end":{"line":27,"column":null}},"8":{"start":{"line":20,"column":0},"end":{"line":20,"column":22}},"9":{"start":{"line":33,"column":19},"end":{"line":33,"column":45}},"10":{"start":{"line":34,"column":4},"end":{"line":34,"column":30}},"11":{"start":{"line":32,"column":0},"end":{"line":32,"column":22}},"12":{"start":{"line":38,"column":19},"end":{"line":38,"column":65}},"13":{"start":{"line":40,"column":4},"end":{"line":51,"column":null}},"14":{"start":{"line":41,"column":8},"end":{"line":48,"column":null}},"15":{"start":{"line":50,"column":8},"end":{"line":50,"column":null}},"16":{"start":{"line":37,"column":0},"end":{"line":37,"column":22}},"17":{"start":{"line":55,"column":19},"end":{"line":55,"column":53}},"18":{"start":{"line":56,"column":4},"end":{"line":56,"column":26}},"19":{"start":{"line":54,"column":0},"end":{"line":54,"column":22}},"20":{"start":{"line":60,"column":25},"end":{"line":60,"column":72}},"21":{"start":{"line":62,"column":4},"end":{"line":64,"column":null}},"22":{"start":{"line":63,"column":8},"end":{"line":63,"column":52}},"23":{"start":{"line":59,"column":0},"end":{"line":59,"column":22}},"24":{"start":{"line":68,"column":33},"end":{"line":68,"column":107}},"25":{"start":{"line":69,"column":40},"end":{"line":69,"column":42}},"26":{"start":{"line":71,"column":4},"end":{"line":74,"column":7}},"27":{"start":{"line":72,"column":28},"end":{"line":72,"column":53}},"28":{"start":{"line":73,"column":8},"end":{"line":73,"column":39}},"29":{"start":{"line":76,"column":4},"end":{"line":76,"column":24}},"30":{"start":{"line":67,"column":0},"end":{"line":67,"column":22}},"31":{"start":{"line":80,"column":73},"end":{"line":80,"column":99}},"32":{"start":{"line":82,"column":4},"end":{"line":86,"column":null}},"33":{"start":{"line":83,"column":8},"end":{"line":85,"column":null}},"34":{"start":{"line":84,"column":12},"end":{"line":84,"column":50}},"35":{"start":{"line":88,"column":33},"end":{"line":88,"column":50}},"36":{"start":{"line":90,"column":40},"end":{"line":90,"column":42}},"37":{"start":{"line":92,"column":4},"end":{"line":95,"column":7}},"38":{"start":{"line":93,"column":28},"end":{"line":93,"column":53}},"39":{"start":{"line":94,"column":8},"end":{"line":94,"column":39}},"40":{"start":{"line":97,"column":4},"end":{"line":97,"column":24}},"41":{"start":{"line":79,"column":0},"end":{"line":79,"column":22}}},"fnMap":{"0":{"name":"CreateApplication","decl":{"start":{"line":6,"column":22},"end":{"line":6,"column":39}},"loc":{"start":{"line":6,"column":72},"end":{"line":18,"column":null}}},"1":{"name":"RetrieveApplication","decl":{"start":{"line":20,"column":22},"end":{"line":20,"column":41}},"loc":{"start":{"line":20,"column":60},"end":{"line":29,"column":null}}},"2":{"name":"RetrieveAllApplications","decl":{"start":{"line":32,"column":22},"end":{"line":32,"column":45}},"loc":{"start":{"line":32,"column":52},"end":{"line":35,"column":null}}},"3":{"name":"UpdateApplication","decl":{"start":{"line":37,"column":22},"end":{"line":37,"column":39}},"loc":{"start":{"line":37,"column":72},"end":{"line":52,"column":null}}},"4":{"name":"DeleteApplication","decl":{"start":{"line":54,"column":22},"end":{"line":54,"column":39}},"loc":{"start":{"line":54,"column":58},"end":{"line":57,"column":null}}},"5":{"name":"DeleteApplicationsForSearcher","decl":{"start":{"line":59,"column":22},"end":{"line":59,"column":51}},"loc":{"start":{"line":59,"column":78},"end":{"line":65,"column":null}}},"6":{"name":"GetApplicationsBySearcher","decl":{"start":{"line":67,"column":22},"end":{"line":67,"column":47}},"loc":{"start":{"line":67,"column":74},"end":{"line":77,"column":null}}},"7":{"name":"(anonymous_21)","decl":{"start":{"line":71,"column":33},"end":{"line":71,"column":34}},"loc":{"start":{"line":71,"column":41},"end":{"line":74,"column":5}}},"8":{"name":"GetApplicationsByFilter","decl":{"start":{"line":79,"column":22},"end":{"line":79,"column":45}},"loc":{"start":{"line":79,"column":88},"end":{"line":98,"column":null}}},"9":{"name":"(anonymous_24)","decl":{"start":{"line":92,"column":33},"end":{"line":92,"column":34}},"loc":{"start":{"line":92,"column":41},"end":{"line":95,"column":5}}}},"branchMap":{"0":{"loc":{"start":{"line":24,"column":4},"end":{"line":28,"column":null}},"type":"if","locations":[{"start":{"line":24,"column":4},"end":{"line":28,"column":null}},{"start":{"line":26,"column":11},"end":{"line":28,"column":null}}]},"1":{"loc":{"start":{"line":83,"column":8},"end":{"line":85,"column":null}},"type":"if","locations":[{"start":{"line":83,"column":8},"end":{"line":85,"column":null}}]}},"s":{"0":0,"1":0,"2":12,"3":0,"4":0,"5":0,"6":0,"7":0,"8":12,"9":0,"10":0,"11":12,"12":0,"13":0,"14":0,"15":0,"16":12,"17":0,"18":0,"19":12,"20":2,"21":2,"22":0,"23":12,"24":2,"25":2,"26":2,"27":0,"28":0,"29":2,"30":12,"31":0,"32":0,"33":0,"34":0,"35":0,"36":0,"37":0,"38":0,"39":0,"40":0,"41":12},"f":{"0":0,"1":0,"2":0,"3":0,"4":0,"5":2,"6":2,"7":0,"8":0,"9":0},"b":{"0":[0,0],"1":[0]}}
,"C:\\Users\\leena\\WebstormProjects\\seg-large-group\\backend\\db\\companies.ts": {"path":"C:\\Users\\leena\\WebstormProjects\\seg-large-group\\backend\\db\\companies.ts","statementMap":{"0":{"start":{"line":3,"column":0},"end":{"line":3,"column":47}},"1":{"start":{"line":4,"column":0},"end":{"line":4,"column":37}},"2":{"start":{"line":7,"column":4},"end":{"line":12,"column":null}},"3":{"start":{"line":8,"column":8},"end":{"line":8,"column":35}},"4":{"start":{"line":11,"column":8},"end":{"line":11,"column":18}},"5":{"start":{"line":14,"column":4},"end":{"line":17,"column":7}},"6":{"start":{"line":6,"column":0},"end":{"line":6,"column":22}},"7":{"start":{"line":21,"column":17},"end":{"line":21,"column":47}},"8":{"start":{"line":22,"column":14},"end":{"line":22,"column":32}},"9":{"start":{"line":24,"column":4},"end":{"line":26,"column":null}},"10":{"start":{"line":25,"column":8},"end":{"line":25,"column":20}},"11":{"start":{"line":28,"column":4},"end":{"line":28,"column":33}},"12":{"start":{"line":20,"column":0},"end":{"line":20,"column":22}},"13":{"start":{"line":32,"column":4},"end":{"line":32,"column":40}},"14":{"start":{"line":33,"column":4},"end":{"line":33,"column":50}},"15":{"start":{"line":31,"column":0},"end":{"line":31,"column":22}},"16":{"start":{"line":37,"column":21},"end":{"line":37,"column":55}},"17":{"start":{"line":38,"column":33},"end":{"line":38,"column":35}},"18":{"start":{"line":40,"column":4},"end":{"line":43,"column":7}},"19":{"start":{"line":41,"column":26},"end":{"line":41,"column":32}},"20":{"start":{"line":42,"column":8},"end":{"line":42,"column":35}},"21":{"start":{"line":45,"column":4},"end":{"line":45,"column":22}},"22":{"start":{"line":36,"column":0},"end":{"line":36,"column":22}}},"fnMap":{"0":{"name":"CreateCompany","decl":{"start":{"line":6,"column":22},"end":{"line":6,"column":35}},"loc":{"start":{"line":6,"column":72},"end":{"line":18,"column":null}}},"1":{"name":"RetrieveCompanyByID","decl":{"start":{"line":20,"column":22},"end":{"line":20,"column":41}},"loc":{"start":{"line":20,"column":60},"end":{"line":29,"column":null}}},"2":{"name":"DeleteCompany","decl":{"start":{"line":31,"column":22},"end":{"line":31,"column":35}},"loc":{"start":{"line":31,"column":54},"end":{"line":34,"column":null}}},"3":{"name":"GetAllCompanyIds","decl":{"start":{"line":36,"column":22},"end":{"line":36,"column":38}},"loc":{"start":{"line":36,"column":45},"end":{"line":46,"column":null}}},"4":{"name":"(anonymous_15)","decl":{"start":{"line":40,"column":21},"end":{"line":40,"column":24}},"loc":{"start":{"line":40,"column":27},"end":{"line":43,"column":5}}}},"branchMap":{"0":{"loc":{"start":{"line":24,"column":4},"end":{"line":26,"column":null}},"type":"if","locations":[{"start":{"line":24,"column":4},"end":{"line":26,"column":null}}]}},"s":{"0":12,"1":12,"2":2,"3":2,"4":0,"5":1,"6":12,"7":2,"8":2,"9":2,"10":0,"11":2,"12":12,"13":1,"14":1,"15":12,"16":0,"17":0,"18":0,"19":0,"20":0,"21":0,"22":12},"f":{"0":2,"1":2,"2":1,"3":0,"4":0},"b":{"0":[0]}}
,"C:\\Users\\leena\\WebstormProjects\\seg-large-group\\backend\\db\\db.ts": {"path":"C:\\Users\\leena\\WebstormProjects\\seg-large-group\\backend\\db\\db.ts","statementMap":{"0":{"start":{"line":2,"column":0},"end":{"line":2,"column":58}},"1":{"start":{"line":3,"column":0},"end":{"line":3,"column":84}},"2":{"start":{"line":4,"column":0},"end":{"line":4,"column":52}},"3":{"start":{"line":5,"column":0},"end":{"line":5,"column":77}},"4":{"start":{"line":6,"column":0},"end":{"line":6,"column":61}},"5":{"start":{"line":9,"column":32},"end":{"line":9,"column":61}},"6":{"start":{"line":10,"column":25},"end":{"line":10,"column":60}},"7":{"start":{"line":22,"column":8},"end":{"line":25,"column":11}},"8":{"start":{"line":27,"column":8},"end":{"line":27,"column":33}},"9":{"start":{"line":29,"column":8},"end":{"line":31,"column":null}},"10":{"start":{"line":35,"column":8},"end":{"line":35,"column":72}},"11":{"start":{"line":39,"column":8},"end":{"line":39,"column":77}},"12":{"start":{"line":43,"column":8},"end":{"line":43,"column":79}},"13":{"start":{"line":47,"column":8},"end":{"line":47,"column":77}},"14":{"start":{"line":51,"column":8},"end":{"line":51,"column":87}},"15":{"start":{"line":55,"column":8},"end":{"line":55,"column":85}},"16":{"start":{"line":60,"column":0},"end":{"line":60,"column":18}}},"fnMap":{"0":{"name":"(anonymous_0)","decl":{"start":{"line":21,"column":4},"end":{"line":21,"column":null}},"loc":{"start":{"line":21,"column":4},"end":{"line":32,"column":5}}},"1":{"name":"(anonymous_1)","decl":{"start":{"line":34,"column":4},"end":{"line":34,"column":18}},"loc":{"start":{"line":34,"column":18},"end":{"line":36,"column":5}}},"2":{"name":"(anonymous_2)","decl":{"start":{"line":38,"column":4},"end":{"line":38,"column":24}},"loc":{"start":{"line":38,"column":24},"end":{"line":40,"column":5}}},"3":{"name":"(anonymous_3)","decl":{"start":{"line":42,"column":4},"end":{"line":42,"column":22}},"loc":{"start":{"line":42,"column":22},"end":{"line":44,"column":5}}},"4":{"name":"(anonymous_4)","decl":{"start":{"line":46,"column":4},"end":{"line":46,"column":21}},"loc":{"start":{"line":46,"column":21},"end":{"line":48,"column":5}}},"5":{"name":"(anonymous_5)","decl":{"start":{"line":50,"column":4},"end":{"line":50,"column":26}},"loc":{"start":{"line":50,"column":26},"end":{"line":52,"column":5}}},"6":{"name":"(anonymous_6)","decl":{"start":{"line":54,"column":4},"end":{"line":54,"column":25}},"loc":{"start":{"line":54,"column":25},"end":{"line":56,"column":5}}}},"branchMap":{},"s":{"0":12,"1":12,"2":12,"3":12,"4":12,"5":12,"6":12,"7":12,"8":12,"9":12,"10":20,"11":1,"12":8,"13":4,"14":0,"15":2,"16":12},"f":{"0":12,"1":20,"2":1,"3":8,"4":4,"5":0,"6":2},"b":{}}
,"C:\\Users\\leena\\WebstormProjects\\seg-large-group\\backend\\db\\jobs.ts": {"path":"C:\\Users\\leena\\WebstormProjects\\seg-large-group\\backend\\db\\jobs.ts","statementMap":{"0":{"start":{"line":6,"column":17},"end":{"line":6,"column":61}},"1":{"start":{"line":8,"column":2},"end":{"line":29,"column":null}},"2":{"start":{"line":9,"column":4},"end":{"line":26,"column":7}},"3":{"start":{"line":28,"column":4},"end":{"line":28,"column":14}},"4":{"start":{"line":31,"column":2},"end":{"line":31,"column":20}},"5":{"start":{"line":5,"column":0},"end":{"line":5,"column":22}},"6":{"start":{"line":37,"column":17},"end":{"line":37,"column":50}},"7":{"start":{"line":38,"column":14},"end":{"line":38,"column":32}},"8":{"start":{"line":40,"column":2},"end":{"line":40,"column":34}},"9":{"start":{"line":36,"column":0},"end":{"line":36,"column":22}},"10":{"start":{"line":44,"column":17},"end":{"line":44,"column":61}},"11":{"start":{"line":46,"column":33},"end":{"line":46,"column":43}},"12":{"start":{"line":46,"column":28},"end":{"line":46,"column":33}},"13":{"start":{"line":48,"column":2},"end":{"line":52,"column":null}},"14":{"start":{"line":49,"column":4},"end":{"line":49,"column":37}},"15":{"start":{"line":51,"column":4},"end":{"line":51,"column":14}},"16":{"start":{"line":43,"column":0},"end":{"line":43,"column":22}},"17":{"start":{"line":57,"column":17},"end":{"line":57,"column":50}},"18":{"start":{"line":59,"column":2},"end":{"line":59,"column":24}},"19":{"start":{"line":60,"column":2},"end":{"line":60,"column":null}},"20":{"start":{"line":56,"column":0},"end":{"line":56,"column":22}},"21":{"start":{"line":66,"column":2},"end":{"line":68,"column":null}},"22":{"start":{"line":67,"column":4},"end":{"line":67,"column":49}},"23":{"start":{"line":69,"column":27},"end":{"line":69,"column":52}},"24":{"start":{"line":70,"column":23},"end":{"line":70,"column":87}},"25":{"start":{"line":71,"column":2},"end":{"line":73,"column":5}},"26":{"start":{"line":72,"column":4},"end":{"line":72,"column":36}},"27":{"start":{"line":65,"column":0},"end":{"line":65,"column":22}},"28":{"start":{"line":80,"column":29},"end":{"line":80,"column":52}},"29":{"start":{"line":81,"column":19},"end":{"line":81,"column":49}},"30":{"start":{"line":82,"column":18},"end":{"line":89,"column":4}},"31":{"start":{"line":82,"column":50},"end":{"line":89,"column":4}},"32":{"start":{"line":83,"column":25},"end":{"line":83,"column":35}},"33":{"start":{"line":84,"column":22},"end":{"line":84,"column":50}},"34":{"start":{"line":85,"column":4},"end":{"line":88,"column":null}},"35":{"start":{"line":86,"column":27},"end":{"line":86,"column":65}},"36":{"start":{"line":86,"column":52},"end":{"line":86,"column":64}},"37":{"start":{"line":87,"column":6},"end":{"line":87,"column":79}},"38":{"start":{"line":90,"column":2},"end":{"line":90,"column":29}},"39":{"start":{"line":79,"column":0},"end":{"line":79,"column":22}},"40":{"start":{"line":94,"column":22},"end":{"line":94,"column":73}},"41":{"start":{"line":95,"column":2},"end":{"line":97,"column":null}},"42":{"start":{"line":96,"column":4},"end":{"line":96,"column":64}},"43":{"start":{"line":99,"column":19},"end":{"line":99,"column":49}},"44":{"start":{"line":100,"column":34},"end":{"line":100,"column":36}},"45":{"start":{"line":102,"column":2},"end":{"line":107,"column":null}},"46":{"start":{"line":103,"column":24},"end":{"line":103,"column":77}},"47":{"start":{"line":104,"column":4},"end":{"line":106,"column":null}},"48":{"start":{"line":105,"column":6},"end":{"line":105,"column":55}},"49":{"start":{"line":109,"column":2},"end":{"line":109,"column":19}},"50":{"start":{"line":93,"column":0},"end":{"line":93,"column":22}},"51":{"start":{"line":113,"column":19},"end":{"line":113,"column":56}},"52":{"start":{"line":114,"column":27},"end":{"line":114,"column":29}},"53":{"start":{"line":116,"column":2},"end":{"line":119,"column":5}},"54":{"start":{"line":117,"column":18},"end":{"line":117,"column":24}},"55":{"start":{"line":118,"column":4},"end":{"line":118,"column":23}},"56":{"start":{"line":121,"column":2},"end":{"line":121,"column":16}},"57":{"start":{"line":112,"column":0},"end":{"line":112,"column":22}},"58":{"start":{"line":125,"column":71},"end":{"line":125,"column":96}},"59":{"start":{"line":127,"column":2},"end":{"line":158,"column":null}},"60":{"start":{"line":128,"column":4},"end":{"line":157,"column":null}},"61":{"start":{"line":129,"column":6},"end":{"line":156,"column":null}},"62":{"start":{"line":138,"column":10},"end":{"line":138,"column":48}},"63":{"start":{"line":139,"column":10},"end":{"line":139,"column":16}},"64":{"start":{"line":141,"column":10},"end":{"line":141,"column":48}},"65":{"start":{"line":142,"column":10},"end":{"line":142,"column":16}},"66":{"start":{"line":144,"column":10},"end":{"line":150,"column":null}},"67":{"start":{"line":145,"column":31},"end":{"line":145,"column":46}},"68":{"start":{"line":146,"column":12},"end":{"line":146,"column":47}},"69":{"start":{"line":147,"column":29},"end":{"line":147,"column":44}},"70":{"start":{"line":148,"column":12},"end":{"line":148,"column":50}},"71":{"start":{"line":149,"column":12},"end":{"line":149,"column":82}},"72":{"start":{"line":151,"column":10},"end":{"line":151,"column":16}},"73":{"start":{"line":154,"column":10},"end":{"line":154,"column":64}},"74":{"start":{"line":155,"column":10},"end":{"line":155,"column":16}},"75":{"start":{"line":160,"column":30},"end":{"line":160,"column":47}},"76":{"start":{"line":162,"column":36},"end":{"line":162,"column":38}},"77":{"start":{"line":164,"column":2},"end":{"line":167,"column":5}},"78":{"start":{"line":165,"column":23},"end":{"line":165,"column":47}},"79":{"start":{"line":166,"column":4},"end":{"line":166,"column":33}},"80":{"start":{"line":169,"column":2},"end":{"line":169,"column":21}},"81":{"start":{"line":124,"column":0},"end":{"line":124,"column":22}}},"fnMap":{"0":{"name":"CreateJobListing","decl":{"start":{"line":5,"column":22},"end":{"line":5,"column":38}},"loc":{"start":{"line":5,"column":69},"end":{"line":32,"column":null}}},"1":{"name":"RetrieveJobListing","decl":{"start":{"line":36,"column":22},"end":{"line":36,"column":40}},"loc":{"start":{"line":36,"column":59},"end":{"line":41,"column":null}}},"2":{"name":"UpdateJobListing","decl":{"start":{"line":43,"column":22},"end":{"line":43,"column":38}},"loc":{"start":{"line":43,"column":69},"end":{"line":53,"column":null}}},"3":{"name":"DeleteJobListing","decl":{"start":{"line":56,"column":22},"end":{"line":56,"column":38}},"loc":{"start":{"line":56,"column":57},"end":{"line":61,"column":null}}},"4":{"name":"DeleteJobsByCompanyID","decl":{"start":{"line":65,"column":22},"end":{"line":65,"column":43}},"loc":{"start":{"line":65,"column":69},"end":{"line":74,"column":null}}},"5":{"name":"(anonymous_18)","decl":{"start":{"line":71,"column":23},"end":{"line":71,"column":29}},"loc":{"start":{"line":71,"column":32},"end":{"line":73,"column":3}}},"6":{"name":"DeleteJobFromSaved","decl":{"start":{"line":79,"column":22},"end":{"line":79,"column":40}},"loc":{"start":{"line":79,"column":62},"end":{"line":91,"column":null}}},"7":{"name":"(anonymous_21)","decl":{"start":{"line":82,"column":36},"end":{"line":82,"column":43}},"loc":{"start":{"line":82,"column":50},"end":{"line":89,"column":4}}},"8":{"name":"(anonymous_22)","decl":{"start":{"line":82,"column":50},"end":{"line":82,"column":null}},"loc":{"start":{"line":82,"column":50},"end":{"line":89,"column":3}}},"9":{"name":"(anonymous_23)","decl":{"start":{"line":86,"column":44},"end":{"line":86,"column":45}},"loc":{"start":{"line":86,"column":52},"end":{"line":86,"column":64}}},"10":{"name":"GetSavedJobsForSearcher","decl":{"start":{"line":93,"column":22},"end":{"line":93,"column":45}},"loc":{"start":{"line":93,"column":72},"end":{"line":110,"column":null}}},"11":{"name":"GetAllJobIDs","decl":{"start":{"line":112,"column":22},"end":{"line":112,"column":34}},"loc":{"start":{"line":112,"column":41},"end":{"line":122,"column":null}}},"12":{"name":"(anonymous_28)","decl":{"start":{"line":116,"column":19},"end":{"line":116,"column":22}},"loc":{"start":{"line":116,"column":25},"end":{"line":119,"column":3}}},"13":{"name":"RetrieveJobListingsByFilter","decl":{"start":{"line":124,"column":22},"end":{"line":124,"column":49}},"loc":{"start":{"line":124,"column":70},"end":{"line":170,"column":null}}},"14":{"name":"(anonymous_31)","decl":{"start":{"line":164,"column":30},"end":{"line":164,"column":31}},"loc":{"start":{"line":164,"column":38},"end":{"line":167,"column":3}}}},"branchMap":{"0":{"loc":{"start":{"line":66,"column":2},"end":{"line":68,"column":null}},"type":"if","locations":[{"start":{"line":66,"column":2},"end":{"line":68,"column":null}}]},"1":{"loc":{"start":{"line":84,"column":22},"end":{"line":84,"column":50}},"type":"binary-expr","locations":[{"start":{"line":84,"column":22},"end":{"line":84,"column":44}},{"start":{"line":84,"column":48},"end":{"line":84,"column":50}}]},"2":{"loc":{"start":{"line":85,"column":4},"end":{"line":88,"column":null}},"type":"if","locations":[{"start":{"line":85,"column":4},"end":{"line":88,"column":null}}]},"3":{"loc":{"start":{"line":95,"column":2},"end":{"line":97,"column":null}},"type":"if","locations":[{"start":{"line":95,"column":2},"end":{"line":97,"column":null}}]},"4":{"loc":{"start":{"line":104,"column":4},"end":{"line":106,"column":null}},"type":"if","locations":[{"start":{"line":104,"column":4},"end":{"line":106,"column":null}}]},"5":{"loc":{"start":{"line":128,"column":4},"end":{"line":157,"column":null}},"type":"if","locations":[{"start":{"line":128,"column":4},"end":{"line":157,"column":null}}]},"6":{"loc":{"start":{"line":128,"column":8},"end":{"line":128,"column":61}},"type":"binary-expr","locations":[{"start":{"line":128,"column":8},"end":{"line":128,"column":22}},{"start":{"line":128,"column":26},"end":{"line":128,"column":45}},{"start":{"line":128,"column":49},"end":{"line":128,"column":61}}]},"7":{"loc":{"start":{"line":129,"column":6},"end":{"line":156,"column":null}},"type":"switch","locations":[{"start":{"line":130,"column":8},"end":{"line":130,"column":18}},{"start":{"line":131,"column":8},"end":{"line":131,"column":21}},{"start":{"line":132,"column":8},"end":{"line":132,"column":27}},{"start":{"line":133,"column":8},"end":{"line":133,"column":24}},{"start":{"line":134,"column":8},"end":{"line":134,"column":20}},{"start":{"line":135,"column":8},"end":{"line":135,"column":24}},{"start":{"line":136,"column":8},"end":{"line":136,"column":25}},{"start":{"line":137,"column":8},"end":{"line":139,"column":16}},{"start":{"line":140,"column":8},"end":{"line":142,"column":16}},{"start":{"line":143,"column":8},"end":{"line":151,"column":16}},{"start":{"line":152,"column":8},"end":{"line":152,"column":24}},{"start":{"line":153,"column":8},"end":{"line":155,"column":16}}]},"8":{"loc":{"start":{"line":144,"column":10},"end":{"line":150,"column":null}},"type":"if","locations":[{"start":{"line":144,"column":10},"end":{"line":150,"column":null}}]},"9":{"loc":{"start":{"line":144,"column":14},"end":{"line":144,"column":60}},"type":"binary-expr","locations":[{"start":{"line":144,"column":14},"end":{"line":144,"column":39}},{"start":{"line":144,"column":43},"end":{"line":144,"column":60}}]}},"s":{"0":0,"1":0,"2":0,"3":0,"4":0,"5":12,"6":0,"7":0,"8":0,"9":12,"10":0,"11":0,"12":0,"13":0,"14":0,"15":0,"16":12,"17":0,"18":0,"19":0,"20":12,"21":1,"22":0,"23":1,"24":1,"25":1,"26":0,"27":12,"28":0,"29":0,"30":0,"31":0,"32":0,"33":0,"34":0,"35":0,"36":0,"37":0,"38":0,"39":12,"40":0,"41":0,"42":0,"43":0,"44":0,"45":0,"46":0,"47":0,"48":0,"49":0,"50":12,"51":0,"52":0,"53":0,"54":0,"55":0,"56":0,"57":12,"58":0,"59":0,"60":0,"61":0,"62":0,"63":0,"64":0,"65":0,"66":0,"67":0,"68":0,"69":0,"70":0,"71":0,"72":0,"73":0,"74":0,"75":0,"76":0,"77":0,"78":0,"79":0,"80":0,"81":12},"f":{"0":0,"1":0,"2":0,"3":0,"4":1,"5":0,"6":0,"7":0,"8":0,"9":0,"10":0,"11":0,"12":0,"13":0,"14":0},"b":{"0":[0],"1":[0,0],"2":[0],"3":[0],"4":[0],"5":[0],"6":[0,0,0],"7":[0,0,0,0,0,0,0,0,0,0,0,0],"8":[0],"9":[0,0]}}
,"C:\\Users\\leena\\WebstormProjects\\seg-large-group\\backend\\db\\notifications.ts": {"path":"C:\\Users\\leena\\WebstormProjects\\seg-large-group\\backend\\db\\notifications.ts","statementMap":{"0":{"start":{"line":3,"column":0},"end":{"line":3,"column":35}},"1":{"start":{"line":6,"column":17},"end":{"line":6,"column":65}},"2":{"start":{"line":9,"column":2},"end":{"line":16,"column":null}},"3":{"start":{"line":10,"column":4},"end":{"line":13,"column":8}},"4":{"start":{"line":15,"column":4},"end":{"line":15,"column":14}},"5":{"start":{"line":18,"column":2},"end":{"line":18,"column":null}},"6":{"start":{"line":20,"column":2},"end":{"line":22,"column":null}},"7":{"start":{"line":21,"column":4},"end":{"line":21,"column":null}},"8":{"start":{"line":24,"column":2},"end":{"line":24,"column":null}},"9":{"start":{"line":25,"column":2},"end":{"line":25,"column":81}},"10":{"start":{"line":26,"column":2},"end":{"line":26,"column":22}},"11":{"start":{"line":5,"column":0},"end":{"line":5,"column":22}},"12":{"start":{"line":30,"column":17},"end":{"line":30,"column":52}},"13":{"start":{"line":31,"column":14},"end":{"line":31,"column":32}},"14":{"start":{"line":33,"column":2},"end":{"line":33,"column":36}},"15":{"start":{"line":29,"column":0},"end":{"line":29,"column":22}},"16":{"start":{"line":38,"column":19},"end":{"line":38,"column":84}},"17":{"start":{"line":39,"column":37},"end":{"line":39,"column":39}},"18":{"start":{"line":41,"column":2},"end":{"line":44,"column":5}},"19":{"start":{"line":42,"column":25},"end":{"line":42,"column":35}},"20":{"start":{"line":43,"column":4},"end":{"line":43,"column":34}},"21":{"start":{"line":46,"column":2},"end":{"line":46,"column":20}},"22":{"start":{"line":36,"column":0},"end":{"line":36,"column":22}},"23":{"start":{"line":50,"column":17},"end":{"line":50,"column":52}},"24":{"start":{"line":51,"column":2},"end":{"line":51,"column":24}},"25":{"start":{"line":49,"column":0},"end":{"line":49,"column":22}}},"fnMap":{"0":{"name":"CreateNotification","decl":{"start":{"line":5,"column":22},"end":{"line":5,"column":40}},"loc":{"start":{"line":5,"column":75},"end":{"line":27,"column":null}}},"1":{"name":"RetrieveNotification","decl":{"start":{"line":29,"column":22},"end":{"line":29,"column":42}},"loc":{"start":{"line":29,"column":61},"end":{"line":34,"column":null}}},"2":{"name":"GetAllUserNotifs","decl":{"start":{"line":36,"column":22},"end":{"line":36,"column":38}},"loc":{"start":{"line":36,"column":56},"end":{"line":47,"column":null}}},"3":{"name":"(anonymous_19)","decl":{"start":{"line":41,"column":19},"end":{"line":41,"column":22}},"loc":{"start":{"line":41,"column":25},"end":{"line":44,"column":3}}},"4":{"name":"DeleteNotification","decl":{"start":{"line":49,"column":22},"end":{"line":49,"column":40}},"loc":{"start":{"line":49,"column":59},"end":{"line":52,"column":null}}}},"branchMap":{"0":{"loc":{"start":{"line":20,"column":2},"end":{"line":22,"column":null}},"type":"if","locations":[{"start":{"line":20,"column":2},"end":{"line":22,"column":null}}]}},"s":{"0":1,"1":0,"2":0,"3":0,"4":0,"5":0,"6":0,"7":0,"8":0,"9":0,"10":0,"11":1,"12":0,"13":0,"14":0,"15":1,"16":0,"17":0,"18":0,"19":0,"20":0,"21":0,"22":1,"23":0,"24":0,"25":1},"f":{"0":0,"1":0,"2":0,"3":0,"4":0},"b":{"0":[0]}}
,"C:\\Users\\leena\\WebstormProjects\\seg-large-group\\backend\\db\\searchers.ts": {"path":"C:\\Users\\leena\\WebstormProjects\\seg-large-group\\backend\\db\\searchers.ts","statementMap":{"0":{"start":{"line":2,"column":0},"end":{"line":2,"column":63}},"1":{"start":{"line":4,"column":0},"end":{"line":4,"column":37}},"2":{"start":{"line":7,"column":4},"end":{"line":12,"column":null}},"3":{"start":{"line":8,"column":8},"end":{"line":8,"column":35}},"4":{"start":{"line":11,"column":8},"end":{"line":11,"column":18}},"5":{"start":{"line":14,"column":4},"end":{"line":22,"column":7}},"6":{"start":{"line":6,"column":0},"end":{"line":6,"column":22}},"7":{"start":{"line":26,"column":17},"end":{"line":26,"column":48}},"8":{"start":{"line":27,"column":14},"end":{"line":27,"column":32}},"9":{"start":{"line":29,"column":4},"end":{"line":31,"column":null}},"10":{"start":{"line":30,"column":8},"end":{"line":30,"column":20}},"11":{"start":{"line":33,"column":4},"end":{"line":33,"column":34}},"12":{"start":{"line":25,"column":0},"end":{"line":25,"column":22}},"13":{"start":{"line":37,"column":4},"end":{"line":37,"column":48}},"14":{"start":{"line":38,"column":4},"end":{"line":38,"column":51}},"15":{"start":{"line":36,"column":0},"end":{"line":36,"column":22}},"16":{"start":{"line":42,"column":21},"end":{"line":42,"column":56}},"17":{"start":{"line":43,"column":34},"end":{"line":43,"column":36}},"18":{"start":{"line":45,"column":4},"end":{"line":48,"column":7}},"19":{"start":{"line":46,"column":23},"end":{"line":46,"column":29}},"20":{"start":{"line":47,"column":8},"end":{"line":47,"column":33}},"21":{"start":{"line":50,"column":4},"end":{"line":50,"column":23}},"22":{"start":{"line":41,"column":0},"end":{"line":41,"column":22}}},"fnMap":{"0":{"name":"CreateSearcher","decl":{"start":{"line":6,"column":22},"end":{"line":6,"column":36}},"loc":{"start":{"line":6,"column":75},"end":{"line":23,"column":null}}},"1":{"name":"RetrieveSearcherByID","decl":{"start":{"line":25,"column":22},"end":{"line":25,"column":42}},"loc":{"start":{"line":25,"column":61},"end":{"line":34,"column":null}}},"2":{"name":"DeleteSearcher","decl":{"start":{"line":36,"column":22},"end":{"line":36,"column":36}},"loc":{"start":{"line":36,"column":55},"end":{"line":39,"column":null}}},"3":{"name":"GetAllSearcherIDs","decl":{"start":{"line":41,"column":22},"end":{"line":41,"column":39}},"loc":{"start":{"line":41,"column":46},"end":{"line":51,"column":null}}},"4":{"name":"(anonymous_15)","decl":{"start":{"line":45,"column":21},"end":{"line":45,"column":24}},"loc":{"start":{"line":45,"column":27},"end":{"line":48,"column":5}}}},"branchMap":{"0":{"loc":{"start":{"line":29,"column":4},"end":{"line":31,"column":null}},"type":"if","locations":[{"start":{"line":29,"column":4},"end":{"line":31,"column":null}}]}},"s":{"0":12,"1":12,"2":4,"3":4,"4":0,"5":2,"6":12,"7":4,"8":4,"9":4,"10":0,"11":4,"12":12,"13":2,"14":2,"15":12,"16":0,"17":0,"18":0,"19":0,"20":0,"21":0,"22":12},"f":{"0":4,"1":4,"2":2,"3":0,"4":0},"b":{"0":[0]}}
,"C:\\Users\\leena\\WebstormProjects\\seg-large-group\\backend\\db\\users.ts": {"path":"C:\\Users\\leena\\WebstormProjects\\seg-large-group\\backend\\db\\users.ts","statementMap":{"0":{"start":{"line":1,"column":0},"end":{"line":1,"column":52}},"1":{"start":{"line":2,"column":0},"end":{"line":2,"column":43}},"2":{"start":{"line":3,"column":0},"end":{"line":3,"column":43}},"3":{"start":{"line":5,"column":0},"end":{"line":5,"column":124}},"4":{"start":{"line":9,"column":2},"end":{"line":20,"column":4}},"5":{"start":{"line":8,"column":0},"end":{"line":8,"column":22}},"6":{"start":{"line":26,"column":15},"end":{"line":26,"column":42}},"7":{"start":{"line":29,"column":12},"end":{"line":29,"column":30}},"8":{"start":{"line":31,"column":2},"end":{"line":33,"column":null}},"9":{"start":{"line":32,"column":4},"end":{"line":32,"column":16}},"10":{"start":{"line":35,"column":13},"end":{"line":35,"column":31}},"11":{"start":{"line":37,"column":2},"end":{"line":43,"column":null}},"12":{"start":{"line":38,"column":20},"end":{"line":38,"column":77}},"13":{"start":{"line":40,"column":4},"end":{"line":40,"column":56}},"14":{"start":{"line":40,"column":18},"end":{"line":40,"column":56}},"15":{"start":{"line":42,"column":4},"end":{"line":42,"column":48}},"16":{"start":{"line":45,"column":2},"end":{"line":51,"column":null}},"17":{"start":{"line":46,"column":21},"end":{"line":46,"column":80}},"18":{"start":{"line":48,"column":4},"end":{"line":48,"column":58}},"19":{"start":{"line":48,"column":19},"end":{"line":48,"column":58}},"20":{"start":{"line":50,"column":4},"end":{"line":50,"column":60}},"21":{"start":{"line":53,"column":2},"end":{"line":53,"column":39}},"22":{"start":{"line":23,"column":0},"end":{"line":23,"column":22}},"23":{"start":{"line":57,"column":19},"end":{"line":57,"column":78}},"24":{"start":{"line":59,"column":2},"end":{"line":59,"column":34}},"25":{"start":{"line":59,"column":22},"end":{"line":59,"column":34}},"26":{"start":{"line":61,"column":2},"end":{"line":61,"column":73}},"27":{"start":{"line":61,"column":32},"end":{"line":61,"column":73}},"28":{"start":{"line":63,"column":15},"end":{"line":63,"column":46}},"29":{"start":{"line":65,"column":2},"end":{"line":77,"column":null}},"30":{"start":{"line":66,"column":20},"end":{"line":66,"column":77}},"31":{"start":{"line":68,"column":4},"end":{"line":68,"column":56}},"32":{"start":{"line":68,"column":18},"end":{"line":68,"column":56}},"33":{"start":{"line":70,"column":4},"end":{"line":70,"column":48}},"34":{"start":{"line":71,"column":9},"end":{"line":77,"column":null}},"35":{"start":{"line":72,"column":21},"end":{"line":72,"column":80}},"36":{"start":{"line":74,"column":4},"end":{"line":74,"column":58}},"37":{"start":{"line":74,"column":19},"end":{"line":74,"column":58}},"38":{"start":{"line":76,"column":4},"end":{"line":76,"column":60}},"39":{"start":{"line":79,"column":2},"end":{"line":79,"column":null}},"40":{"start":{"line":81,"column":2},"end":{"line":81,"column":39}},"41":{"start":{"line":56,"column":0},"end":{"line":56,"column":22}},"42":{"start":{"line":87,"column":13},"end":{"line":87,"column":47}},"43":{"start":{"line":89,"column":43},"end":{"line":89,"column":45}},"44":{"start":{"line":91,"column":21},"end":{"line":91,"column":102}},"45":{"start":{"line":93,"column":2},"end":{"line":97,"column":5}},"46":{"start":{"line":94,"column":4},"end":{"line":96,"column":null}},"47":{"start":{"line":95,"column":6},"end":{"line":95,"column":32}},"48":{"start":{"line":99,"column":2},"end":{"line":103,"column":null}},"49":{"start":{"line":100,"column":4},"end":{"line":102,"column":null}},"50":{"start":{"line":101,"column":6},"end":{"line":101,"column":57}},"51":{"start":{"line":104,"column":2},"end":{"line":118,"column":null}},"52":{"start":{"line":105,"column":49},"end":{"line":105,"column":51}},"53":{"start":{"line":106,"column":31},"end":{"line":106,"column":103}},"54":{"start":{"line":108,"column":4},"end":{"line":112,"column":7}},"55":{"start":{"line":109,"column":6},"end":{"line":111,"column":null}},"56":{"start":{"line":110,"column":8},"end":{"line":110,"column":38}},"57":{"start":{"line":114,"column":4},"end":{"line":116,"column":null}},"58":{"start":{"line":115,"column":6},"end":{"line":115,"column":79}},"59":{"start":{"line":120,"column":2},"end":{"line":133,"column":null}},"60":{"start":{"line":121,"column":48},"end":{"line":121,"column":50}},"61":{"start":{"line":122,"column":30},"end":{"line":122,"column":45}},"62":{"start":{"line":124,"column":4},"end":{"line":128,"column":7}},"63":{"start":{"line":125,"column":6},"end":{"line":127,"column":null}},"64":{"start":{"line":126,"column":8},"end":{"line":126,"column":37}},"65":{"start":{"line":130,"column":4},"end":{"line":132,"column":null}},"66":{"start":{"line":131,"column":6},"end":{"line":131,"column":76}},"67":{"start":{"line":85,"column":0},"end":{"line":85,"column":22}},"68":{"start":{"line":138,"column":20},"end":{"line":138,"column":58}},"69":{"start":{"line":139,"column":2},"end":{"line":141,"column":null}},"70":{"start":{"line":140,"column":4},"end":{"line":140,"column":39}},"71":{"start":{"line":143,"column":21},"end":{"line":143,"column":62}},"72":{"start":{"line":144,"column":19},"end":{"line":144,"column":39}},"73":{"start":{"line":145,"column":18},"end":{"line":145,"column":37}},"74":{"start":{"line":146,"column":2},"end":{"line":146,"column":28}},"75":{"start":{"line":148,"column":2},"end":{"line":152,"column":null}},"76":{"start":{"line":149,"column":4},"end":{"line":149,"column":62}},"77":{"start":{"line":150,"column":9},"end":{"line":152,"column":null}},"78":{"start":{"line":151,"column":4},"end":{"line":151,"column":64}},"79":{"start":{"line":137,"column":0},"end":{"line":137,"column":22}},"80":{"start":{"line":157,"column":20},"end":{"line":157,"column":60}},"81":{"start":{"line":158,"column":2},"end":{"line":160,"column":null}},"82":{"start":{"line":159,"column":4},"end":{"line":159,"column":39}},"83":{"start":{"line":162,"column":21},"end":{"line":162,"column":62}},"84":{"start":{"line":164,"column":2},"end":{"line":168,"column":null}},"85":{"start":{"line":165,"column":4},"end":{"line":165,"column":62}},"86":{"start":{"line":166,"column":9},"end":{"line":168,"column":null}},"87":{"start":{"line":167,"column":4},"end":{"line":167,"column":64}},"88":{"start":{"line":170,"column":2},"end":{"line":170,"column":28}},"89":{"start":{"line":156,"column":0},"end":{"line":156,"column":22}},"90":{"start":{"line":174,"column":19},"end":{"line":174,"column":79}},"91":{"start":{"line":175,"column":2},"end":{"line":177,"column":null}},"92":{"start":{"line":176,"column":4},"end":{"line":176,"column":31}},"93":{"start":{"line":179,"column":20},"end":{"line":179,"column":81}},"94":{"start":{"line":180,"column":2},"end":{"line":182,"column":null}},"95":{"start":{"line":181,"column":4},"end":{"line":181,"column":32}},"96":{"start":{"line":184,"column":2},"end":{"line":184,"column":14}},"97":{"start":{"line":173,"column":0},"end":{"line":173,"column":22}},"98":{"start":{"line":189,"column":19},"end":{"line":189,"column":54}},"99":{"start":{"line":190,"column":32},"end":{"line":190,"column":34}},"100":{"start":{"line":192,"column":2},"end":{"line":195,"column":5}},"101":{"start":{"line":193,"column":19},"end":{"line":193,"column":25}},"102":{"start":{"line":194,"column":4},"end":{"line":194,"column":29}},"103":{"start":{"line":197,"column":2},"end":{"line":197,"column":21}},"104":{"start":{"line":188,"column":0},"end":{"line":188,"column":22}},"105":{"start":{"line":201,"column":19},"end":{"line":201,"column":53}},"106":{"start":{"line":202,"column":31},"end":{"line":202,"column":33}},"107":{"start":{"line":204,"column":2},"end":{"line":207,"column":5}},"108":{"start":{"line":205,"column":22},"end":{"line":205,"column":28}},"109":{"start":{"line":206,"column":4},"end":{"line":206,"column":31}},"110":{"start":{"line":209,"column":2},"end":{"line":209,"column":20}},"111":{"start":{"line":200,"column":0},"end":{"line":200,"column":22}},"112":{"start":{"line":213,"column":19},"end":{"line":213,"column":86}},"113":{"start":{"line":214,"column":2},"end":{"line":214,"column":34}},"114":{"start":{"line":214,"column":22},"end":{"line":214,"column":34}},"115":{"start":{"line":215,"column":2},"end":{"line":215,"column":41}},"116":{"start":{"line":212,"column":0},"end":{"line":212,"column":22}},"117":{"start":{"line":219,"column":19},"end":{"line":219,"column":88}},"118":{"start":{"line":220,"column":2},"end":{"line":220,"column":34}},"119":{"start":{"line":220,"column":22},"end":{"line":220,"column":34}},"120":{"start":{"line":221,"column":2},"end":{"line":221,"column":41}},"121":{"start":{"line":218,"column":0},"end":{"line":218,"column":22}}},"fnMap":{"0":{"name":"CreateUser","decl":{"start":{"line":8,"column":22},"end":{"line":8,"column":32}},"loc":{"start":{"line":8,"column":51},"end":{"line":21,"column":null}}},"1":{"name":"RetrieveFullUserByID","decl":{"start":{"line":23,"column":22},"end":{"line":23,"column":42}},"loc":{"start":{"line":23,"column":61},"end":{"line":54,"column":null}}},"2":{"name":"RetrieveFullUserByEmail","decl":{"start":{"line":56,"column":22},"end":{"line":56,"column":45}},"loc":{"start":{"line":56,"column":67},"end":{"line":82,"column":null}}},"3":{"name":"UpdateUser","decl":{"start":{"line":85,"column":22},"end":{"line":85,"column":32}},"loc":{"start":{"line":85,"column":62},"end":{"line":135,"column":null}}},"4":{"name":"(anonymous_21)","decl":{"start":{"line":93,"column":21},"end":{"line":93,"column":24}},"loc":{"start":{"line":93,"column":27},"end":{"line":97,"column":3}}},"5":{"name":"(anonymous_22)","decl":{"start":{"line":108,"column":31},"end":{"line":108,"column":34}},"loc":{"start":{"line":108,"column":37},"end":{"line":112,"column":5}}},"6":{"name":"(anonymous_23)","decl":{"start":{"line":124,"column":30},"end":{"line":124,"column":33}},"loc":{"start":{"line":124,"column":36},"end":{"line":128,"column":5}}},"7":{"name":"DeleteUser","decl":{"start":{"line":137,"column":22},"end":{"line":137,"column":32}},"loc":{"start":{"line":137,"column":55},"end":{"line":154,"column":null}}},"8":{"name":"DeleteUserByEmail","decl":{"start":{"line":156,"column":22},"end":{"line":156,"column":39}},"loc":{"start":{"line":156,"column":61},"end":{"line":171,"column":null}}},"9":{"name":"GetUserID","decl":{"start":{"line":173,"column":22},"end":{"line":173,"column":31}},"loc":{"start":{"line":173,"column":50},"end":{"line":185,"column":null}}},"10":{"name":"GetAllSearcherIDs","decl":{"start":{"line":188,"column":22},"end":{"line":188,"column":39}},"loc":{"start":{"line":188,"column":46},"end":{"line":198,"column":null}}},"11":{"name":"(anonymous_32)","decl":{"start":{"line":192,"column":19},"end":{"line":192,"column":22}},"loc":{"start":{"line":192,"column":25},"end":{"line":195,"column":3}}},"12":{"name":"GetAllCompanyIDs","decl":{"start":{"line":200,"column":22},"end":{"line":200,"column":38}},"loc":{"start":{"line":200,"column":45},"end":{"line":210,"column":null}}},"13":{"name":"(anonymous_35)","decl":{"start":{"line":204,"column":19},"end":{"line":204,"column":22}},"loc":{"start":{"line":204,"column":25},"end":{"line":207,"column":3}}},"14":{"name":"RetrieveUserByCompanyID","decl":{"start":{"line":212,"column":22},"end":{"line":212,"column":45}},"loc":{"start":{"line":212,"column":71},"end":{"line":216,"column":null}}},"15":{"name":"RetrieveUserBySearcherID","decl":{"start":{"line":218,"column":22},"end":{"line":218,"column":46}},"loc":{"start":{"line":218,"column":73},"end":{"line":222,"column":null}}}},"branchMap":{"0":{"loc":{"start":{"line":31,"column":2},"end":{"line":33,"column":null}},"type":"if","locations":[{"start":{"line":31,"column":2},"end":{"line":33,"column":null}}]},"1":{"loc":{"start":{"line":37,"column":2},"end":{"line":43,"column":null}},"type":"if","locations":[{"start":{"line":37,"column":2},"end":{"line":43,"column":null}}]},"2":{"loc":{"start":{"line":40,"column":4},"end":{"line":40,"column":56}},"type":"if","locations":[{"start":{"line":40,"column":4},"end":{"line":40,"column":56}}]},"3":{"loc":{"start":{"line":45,"column":2},"end":{"line":51,"column":null}},"type":"if","locations":[{"start":{"line":45,"column":2},"end":{"line":51,"column":null}}]},"4":{"loc":{"start":{"line":48,"column":4},"end":{"line":48,"column":58}},"type":"if","locations":[{"start":{"line":48,"column":4},"end":{"line":48,"column":58}}]},"5":{"loc":{"start":{"line":59,"column":2},"end":{"line":59,"column":34}},"type":"if","locations":[{"start":{"line":59,"column":2},"end":{"line":59,"column":34}}]},"6":{"loc":{"start":{"line":61,"column":2},"end":{"line":61,"column":73}},"type":"if","locations":[{"start":{"line":61,"column":2},"end":{"line":61,"column":73}}]},"7":{"loc":{"start":{"line":65,"column":2},"end":{"line":77,"column":null}},"type":"if","locations":[{"start":{"line":65,"column":2},"end":{"line":77,"column":null}},{"start":{"line":71,"column":9},"end":{"line":77,"column":null}}]},"8":{"loc":{"start":{"line":68,"column":4},"end":{"line":68,"column":56}},"type":"if","locations":[{"start":{"line":68,"column":4},"end":{"line":68,"column":56}}]},"9":{"loc":{"start":{"line":71,"column":9},"end":{"line":77,"column":null}},"type":"if","locations":[{"start":{"line":71,"column":9},"end":{"line":77,"column":null}}]},"10":{"loc":{"start":{"line":74,"column":4},"end":{"line":74,"column":58}},"type":"if","locations":[{"start":{"line":74,"column":4},"end":{"line":74,"column":58}}]},"11":{"loc":{"start":{"line":94,"column":4},"end":{"line":96,"column":null}},"type":"if","locations":[{"start":{"line":94,"column":4},"end":{"line":96,"column":null}}]},"12":{"loc":{"start":{"line":94,"column":8},"end":{"line":94,"column":35}},"type":"binary-expr","locations":[{"start":{"line":94,"column":8},"end":{"line":94,"column":19}},{"start":{"line":94,"column":23},"end":{"line":94,"column":35}}]},"13":{"loc":{"start":{"line":99,"column":2},"end":{"line":103,"column":null}},"type":"if","locations":[{"start":{"line":99,"column":2},"end":{"line":103,"column":null}}]},"14":{"loc":{"start":{"line":100,"column":4},"end":{"line":102,"column":null}},"type":"if","locations":[{"start":{"line":100,"column":4},"end":{"line":102,"column":null}}]},"15":{"loc":{"start":{"line":104,"column":2},"end":{"line":118,"column":null}},"type":"if","locations":[{"start":{"line":104,"column":2},"end":{"line":118,"column":null}}]},"16":{"loc":{"start":{"line":109,"column":6},"end":{"line":111,"column":null}},"type":"if","locations":[{"start":{"line":109,"column":6},"end":{"line":111,"column":null}}]},"17":{"loc":{"start":{"line":109,"column":10},"end":{"line":109,"column":47}},"type":"binary-expr","locations":[{"start":{"line":109,"column":10},"end":{"line":109,"column":21}},{"start":{"line":109,"column":25},"end":{"line":109,"column":47}}]},"18":{"loc":{"start":{"line":114,"column":4},"end":{"line":116,"column":null}},"type":"if","locations":[{"start":{"line":114,"column":4},"end":{"line":116,"column":null}}]},"19":{"loc":{"start":{"line":120,"column":2},"end":{"line":133,"column":null}},"type":"if","locations":[{"start":{"line":120,"column":2},"end":{"line":133,"column":null}}]},"20":{"loc":{"start":{"line":125,"column":6},"end":{"line":127,"column":null}},"type":"if","locations":[{"start":{"line":125,"column":6},"end":{"line":127,"column":null}}]},"21":{"loc":{"start":{"line":125,"column":10},"end":{"line":125,"column":46}},"type":"binary-expr","locations":[{"start":{"line":125,"column":10},"end":{"line":125,"column":21}},{"start":{"line":125,"column":25},"end":{"line":125,"column":46}}]},"22":{"loc":{"start":{"line":130,"column":4},"end":{"line":132,"column":null}},"type":"if","locations":[{"start":{"line":130,"column":4},"end":{"line":132,"column":null}}]},"23":{"loc":{"start":{"line":139,"column":2},"end":{"line":141,"column":null}},"type":"if","locations":[{"start":{"line":139,"column":2},"end":{"line":141,"column":null}}]},"24":{"loc":{"start":{"line":148,"column":2},"end":{"line":152,"column":null}},"type":"if","locations":[{"start":{"line":148,"column":2},"end":{"line":152,"column":null}},{"start":{"line":150,"column":9},"end":{"line":152,"column":null}}]},"25":{"loc":{"start":{"line":150,"column":9},"end":{"line":152,"column":null}},"type":"if","locations":[{"start":{"line":150,"column":9},"end":{"line":152,"column":null}}]},"26":{"loc":{"start":{"line":158,"column":2},"end":{"line":160,"column":null}},"type":"if","locations":[{"start":{"line":158,"column":2},"end":{"line":160,"column":null}}]},"27":{"loc":{"start":{"line":164,"column":2},"end":{"line":168,"column":null}},"type":"if","locations":[{"start":{"line":164,"column":2},"end":{"line":168,"column":null}},{"start":{"line":166,"column":9},"end":{"line":168,"column":null}}]},"28":{"loc":{"start":{"line":166,"column":9},"end":{"line":168,"column":null}},"type":"if","locations":[{"start":{"line":166,"column":9},"end":{"line":168,"column":null}}]},"29":{"loc":{"start":{"line":175,"column":2},"end":{"line":177,"column":null}},"type":"if","locations":[{"start":{"line":175,"column":2},"end":{"line":177,"column":null}}]},"30":{"loc":{"start":{"line":180,"column":2},"end":{"line":182,"column":null}},"type":"if","locations":[{"start":{"line":180,"column":2},"end":{"line":182,"column":null}}]},"31":{"loc":{"start":{"line":214,"column":2},"end":{"line":214,"column":34}},"type":"if","locations":[{"start":{"line":214,"column":2},"end":{"line":214,"column":34}}]},"32":{"loc":{"start":{"line":220,"column":2},"end":{"line":220,"column":34}},"type":"if","locations":[{"start":{"line":220,"column":2},"end":{"line":220,"column":34}}]}},"s":{"0":12,"1":12,"2":12,"3":12,"4":6,"5":12,"6":3,"7":3,"8":3,"9":0,"10":3,"11":3,"12":1,"13":1,"14":0,"15":1,"16":2,"17":2,"18":2,"19":0,"20":2,"21":0,"22":12,"23":8,"24":4,"25":0,"26":4,"27":1,"28":3,"29":3,"30":1,"31":1,"32":0,"33":1,"34":2,"35":2,"36":2,"37":0,"38":2,"39":0,"40":0,"41":12,"42":0,"43":0,"44":0,"45":0,"46":0,"47":0,"48":0,"49":0,"50":0,"51":0,"52":0,"53":0,"54":0,"55":0,"56":0,"57":0,"58":0,"59":0,"60":0,"61":0,"62":0,"63":0,"64":0,"65":0,"66":0,"67":12,"68":3,"69":3,"70":0,"71":3,"72":3,"73":3,"74":3,"75":3,"76":1,"77":2,"78":2,"79":12,"80":3,"81":0,"82":0,"83":0,"84":0,"85":0,"86":0,"87":0,"88":0,"89":12,"90":0,"91":0,"92":0,"93":0,"94":0,"95":0,"96":0,"97":12,"98":0,"99":0,"100":0,"101":0,"102":0,"103":0,"104":12,"105":0,"106":0,"107":0,"108":0,"109":0,"110":0,"111":12,"112":0,"113":0,"114":0,"115":0,"116":12,"117":0,"118":0,"119":0,"120":0,"121":12},"f":{"0":6,"1":3,"2":8,"3":0,"4":0,"5":0,"6":0,"7":3,"8":3,"9":0,"10":0,"11":0,"12":0,"13":0,"14":0,"15":0},"b":{"0":[0],"1":[1],"2":[0],"3":[2],"4":[0],"5":[0],"6":[1],"7":[1,2],"8":[0],"9":[2],"10":[0],"11":[0],"12":[0,0],"13":[0],"14":[0],"15":[0],"16":[0],"17":[0,0],"18":[0],"19":[0],"20":[0],"21":[0,0],"22":[0],"23":[0],"24":[1,2],"25":[2],"26":[0],"27":[0,0],"28":[0],"29":[0],"30":[0],"31":[0],"32":[0]}}
,"C:\\Users\\leena\\WebstormProjects\\seg-large-group\\backend\\models\\application.ts": {"path":"C:\\Users\\leena\\WebstormProjects\\seg-large-group\\backend\\models\\application.ts","statementMap":{"0":{"start":{"line":15,"column":8},"end":{"line":15,"column":21}},"1":{"start":{"line":16,"column":8},"end":{"line":16,"column":29}},"2":{"start":{"line":17,"column":8},"end":{"line":17,"column":33}},"3":{"start":{"line":18,"column":8},"end":{"line":18,"column":37}},"4":{"start":{"line":19,"column":8},"end":{"line":19,"column":21}},"5":{"start":{"line":20,"column":8},"end":{"line":20,"column":25}},"6":{"start":{"line":21,"column":8},"end":{"line":21,"column":39}},"7":{"start":{"line":26,"column":13},"end":{"line":29,"column":null}},"8":{"start":{"line":27,"column":47},"end":{"line":27,"column":58}},"9":{"start":{"line":28,"column":56},"end":{"line":28,"column":86}},"10":{"start":{"line":31,"column":0},"end":{"line":31,"column":27}}},"fnMap":{"0":{"name":"(anonymous_0)","decl":{"start":{"line":14,"column":4},"end":{"line":14,"column":16}},"loc":{"start":{"line":14,"column":145},"end":{"line":22,"column":5}}},"1":{"name":"(anonymous_1)","decl":{"start":{"line":27,"column":17},"end":{"line":27,"column":18}},"loc":{"start":{"line":27,"column":47},"end":{"line":27,"column":58}}},"2":{"name":"(anonymous_2)","decl":{"start":{"line":28,"column":19},"end":{"line":28,"column":20}},"loc":{"start":{"line":28,"column":56},"end":{"line":28,"column":86}}}},"branchMap":{},"s":{"0":0,"1":0,"2":0,"3":0,"4":0,"5":0,"6":0,"7":12,"8":0,"9":0,"10":12},"f":{"0":0,"1":0,"2":0},"b":{}}
,"C:\\Users\\leena\\WebstormProjects\\seg-large-group\\backend\\models\\job.ts": {"path":"C:\\Users\\leena\\WebstormProjects\\seg-large-group\\backend\\models\\job.ts","statementMap":{"0":{"start":{"line":40,"column":4},"end":{"line":40,"column":17}},"1":{"start":{"line":41,"column":4},"end":{"line":41,"column":23}},"2":{"start":{"line":42,"column":4},"end":{"line":42,"column":37}},"3":{"start":{"line":43,"column":4},"end":{"line":43,"column":35}},"4":{"start":{"line":44,"column":4},"end":{"line":44,"column":29}},"5":{"start":{"line":45,"column":4},"end":{"line":45,"column":21}},"6":{"start":{"line":46,"column":4},"end":{"line":46,"column":29}},"7":{"start":{"line":47,"column":4},"end":{"line":47,"column":31}},"8":{"start":{"line":48,"column":4},"end":{"line":48,"column":29}},"9":{"start":{"line":49,"column":4},"end":{"line":49,"column":51}},"10":{"start":{"line":50,"column":4},"end":{"line":50,"column":25}},"11":{"start":{"line":51,"column":4},"end":{"line":51,"column":41}},"12":{"start":{"line":52,"column":4},"end":{"line":52,"column":33}},"13":{"start":{"line":53,"column":4},"end":{"line":53,"column":29}},"14":{"start":{"line":54,"column":4},"end":{"line":54,"column":37}},"15":{"start":{"line":55,"column":4},"end":{"line":55,"column":49}},"16":{"start":{"line":59,"column":13},"end":{"line":62,"column":null}},"17":{"start":{"line":60,"column":43},"end":{"line":60,"column":53}},"18":{"start":{"line":61,"column":54},"end":{"line":61,"column":83}},"19":{"start":{"line":64,"column":0},"end":{"line":64,"column":26}}},"fnMap":{"0":{"name":"(anonymous_0)","decl":{"start":{"line":22,"column":2},"end":{"line":22,"column":null}},"loc":{"start":{"line":38,"column":48},"end":{"line":56,"column":3}}},"1":{"name":"(anonymous_1)","decl":{"start":{"line":60,"column":15},"end":{"line":60,"column":16}},"loc":{"start":{"line":60,"column":43},"end":{"line":60,"column":53}}},"2":{"name":"(anonymous_2)","decl":{"start":{"line":61,"column":17},"end":{"line":61,"column":18}},"loc":{"start":{"line":61,"column":54},"end":{"line":61,"column":83}}}},"branchMap":{},"s":{"0":0,"1":0,"2":0,"3":0,"4":0,"5":0,"6":0,"7":0,"8":0,"9":0,"10":0,"11":0,"12":0,"13":0,"14":0,"15":0,"16":12,"17":0,"18":0,"19":12},"f":{"0":0,"1":0,"2":0},"b":{}}
,"C:\\Users\\leena\\WebstormProjects\\seg-large-group\\backend\\models\\notification.ts": {"path":"C:\\Users\\leena\\WebstormProjects\\seg-large-group\\backend\\models\\notification.ts","statementMap":{"0":{"start":{"line":10,"column":8},"end":{"line":10,"column":21}},"1":{"start":{"line":11,"column":8},"end":{"line":11,"column":31}},"2":{"start":{"line":12,"column":8},"end":{"line":12,"column":41}},"3":{"start":{"line":13,"column":8},"end":{"line":13,"column":31}},"4":{"start":{"line":14,"column":8},"end":{"line":14,"column":29}},"5":{"start":{"line":18,"column":13},"end":{"line":21,"column":null}},"6":{"start":{"line":19,"column":49},"end":{"line":19,"column":61}},"7":{"start":{"line":20,"column":56},"end":{"line":20,"column":87}},"8":{"start":{"line":23,"column":0},"end":{"line":23,"column":28}}},"fnMap":{"0":{"name":"(anonymous_0)","decl":{"start":{"line":9,"column":4},"end":{"line":9,"column":16}},"loc":{"start":{"line":9,"column":95},"end":{"line":15,"column":5}}},"1":{"name":"(anonymous_1)","decl":{"start":{"line":19,"column":17},"end":{"line":19,"column":18}},"loc":{"start":{"line":19,"column":49},"end":{"line":19,"column":61}}},"2":{"name":"(anonymous_2)","decl":{"start":{"line":20,"column":19},"end":{"line":20,"column":20}},"loc":{"start":{"line":20,"column":56},"end":{"line":20,"column":87}}}},"branchMap":{},"s":{"0":0,"1":0,"2":0,"3":0,"4":0,"5":12,"6":0,"7":0,"8":12},"f":{"0":0,"1":0,"2":0},"b":{}}
,"C:\\Users\\leena\\WebstormProjects\\seg-large-group\\backend\\models\\user.ts": {"path":"C:\\Users\\leena\\WebstormProjects\\seg-large-group\\backend\\models\\user.ts","statementMap":{"0":{"start":{"line":16,"column":8},"end":{"line":16,"column":29}},"1":{"start":{"line":17,"column":8},"end":{"line":17,"column":27}},"2":{"start":{"line":18,"column":8},"end":{"line":18,"column":45}},"3":{"start":{"line":19,"column":8},"end":{"line":19,"column":29}},"4":{"start":{"line":20,"column":8},"end":{"line":20,"column":33}},"5":{"start":{"line":21,"column":8},"end":{"line":21,"column":43}},"6":{"start":{"line":22,"column":8},"end":{"line":22,"column":39}},"7":{"start":{"line":23,"column":8},"end":{"line":23,"column":35}},"8":{"start":{"line":24,"column":8},"end":{"line":24,"column":37}},"9":{"start":{"line":122,"column":9},"end":{"line":122,"column":13}},"10":{"start":{"line":45,"column":8},"end":{"line":45,"column":114}},"11":{"start":{"line":46,"column":8},"end":{"line":46,"column":31}},"12":{"start":{"line":47,"column":8},"end":{"line":47,"column":33}},"13":{"start":{"line":51,"column":8},"end":{"line":63,"column":10}},"14":{"start":{"line":122,"column":34},"end":{"line":122,"column":46}},"15":{"start":{"line":75,"column":8},"end":{"line":75,"column":39}},"16":{"start":{"line":76,"column":8},"end":{"line":76,"column":35}},"17":{"start":{"line":122,"column":15},"end":{"line":122,"column":22}},"18":{"start":{"line":97,"column":8},"end":{"line":97,"column":35}},"19":{"start":{"line":98,"column":8},"end":{"line":98,"column":33}},"20":{"start":{"line":99,"column":8},"end":{"line":99,"column":35}},"21":{"start":{"line":100,"column":8},"end":{"line":100,"column":37}},"22":{"start":{"line":101,"column":8},"end":{"line":101,"column":29}},"23":{"start":{"line":102,"column":8},"end":{"line":102,"column":45}},"24":{"start":{"line":103,"column":8},"end":{"line":103,"column":21}},"25":{"start":{"line":122,"column":24},"end":{"line":122,"column":32}},"26":{"start":{"line":107,"column":13},"end":{"line":110,"column":null}},"27":{"start":{"line":108,"column":33},"end":{"line":108,"column":37}},"28":{"start":{"line":109,"column":56},"end":{"line":109,"column":79}},"29":{"start":{"line":112,"column":13},"end":{"line":115,"column":null}},"30":{"start":{"line":113,"column":39},"end":{"line":113,"column":46}},"31":{"start":{"line":114,"column":56},"end":{"line":114,"column":82}},"32":{"start":{"line":117,"column":13},"end":{"line":120,"column":null}},"33":{"start":{"line":118,"column":41},"end":{"line":118,"column":49}},"34":{"start":{"line":119,"column":56},"end":{"line":119,"column":83}}},"fnMap":{"0":{"name":"(anonymous_0)","decl":{"start":{"line":15,"column":4},"end":{"line":15,"column":16}},"loc":{"start":{"line":15,"column":191},"end":{"line":25,"column":5}}},"1":{"name":"(anonymous_1)","decl":{"start":{"line":33,"column":4},"end":{"line":33,"column":null}},"loc":{"start":{"line":44,"column":27},"end":{"line":48,"column":5}}},"2":{"name":"(anonymous_2)","decl":{"start":{"line":50,"column":4},"end":{"line":50,"column":10}},"loc":{"start":{"line":50,"column":70},"end":{"line":64,"column":5}}},"3":{"name":"(anonymous_3)","decl":{"start":{"line":72,"column":4},"end":{"line":72,"column":null}},"loc":{"start":{"line":74,"column":25},"end":{"line":77,"column":5}}},"4":{"name":"(anonymous_4)","decl":{"start":{"line":89,"column":4},"end":{"line":89,"column":null}},"loc":{"start":{"line":96,"column":20},"end":{"line":104,"column":5}}},"5":{"name":"(anonymous_5)","decl":{"start":{"line":108,"column":17},"end":{"line":108,"column":18}},"loc":{"start":{"line":108,"column":33},"end":{"line":108,"column":37}}},"6":{"name":"(anonymous_6)","decl":{"start":{"line":109,"column":19},"end":{"line":109,"column":20}},"loc":{"start":{"line":109,"column":56},"end":{"line":109,"column":79}}},"7":{"name":"(anonymous_7)","decl":{"start":{"line":113,"column":17},"end":{"line":113,"column":18}},"loc":{"start":{"line":113,"column":39},"end":{"line":113,"column":46}}},"8":{"name":"(anonymous_8)","decl":{"start":{"line":114,"column":19},"end":{"line":114,"column":20}},"loc":{"start":{"line":114,"column":56},"end":{"line":114,"column":82}}},"9":{"name":"(anonymous_9)","decl":{"start":{"line":118,"column":17},"end":{"line":118,"column":18}},"loc":{"start":{"line":118,"column":41},"end":{"line":118,"column":49}}},"10":{"name":"(anonymous_10)","decl":{"start":{"line":119,"column":19},"end":{"line":119,"column":20}},"loc":{"start":{"line":119,"column":56},"end":{"line":119,"column":83}}}},"branchMap":{},"s":{"0":12,"1":12,"2":12,"3":12,"4":12,"5":12,"6":12,"7":12,"8":12,"9":12,"10":6,"11":6,"12":6,"13":6,"14":12,"15":2,"16":2,"17":12,"18":4,"19":4,"20":4,"21":4,"22":4,"23":4,"24":4,"25":12,"26":12,"27":6,"28":6,"29":12,"30":1,"31":2,"32":12,"33":2,"34":4},"f":{"0":12,"1":6,"2":6,"3":2,"4":4,"5":6,"6":6,"7":1,"8":2,"9":2,"10":4},"b":{}}
,"C:\\Users\\leena\\WebstormProjects\\seg-large-group\\backend\\service\\public.ts": {"path":"C:\\Users\\leena\\WebstormProjects\\seg-large-group\\backend\\service\\public.ts","statementMap":{"0":{"start":{"line":9,"column":4},"end":{"line":9,"column":null}},"1":{"start":{"line":9,"column":28},"end":{"line":9,"column":null}},"2":{"start":{"line":10,"column":4},"end":{"line":10,"column":null}},"3":{"start":{"line":8,"column":0},"end":{"line":8,"column":16}},"4":{"start":{"line":22,"column":13},"end":{"line":22,"column":38}},"5":{"start":{"line":24,"column":13},"end":{"line":24,"column":49}},"6":{"start":{"line":25,"column":13},"end":{"line":25,"column":55}},"7":{"start":{"line":26,"column":13},"end":{"line":26,"column":53}},"8":{"start":{"line":27,"column":13},"end":{"line":27,"column":67}},"9":{"start":{"line":28,"column":13},"end":{"line":28,"column":61}},"10":{"start":{"line":29,"column":13},"end":{"line":29,"column":66}},"11":{"start":{"line":30,"column":13},"end":{"line":30,"column":62}},"12":{"start":{"line":31,"column":13},"end":{"line":31,"column":60}},"13":{"start":{"line":32,"column":13},"end":{"line":32,"column":64}},"14":{"start":{"line":33,"column":13},"end":{"line":33,"column":50}},"15":{"start":{"line":34,"column":13},"end":{"line":34,"column":63}},"16":{"start":{"line":35,"column":13},"end":{"line":35,"column":62}},"17":{"start":{"line":36,"column":13},"end":{"line":36,"column":56}},"18":{"start":{"line":37,"column":13},"end":{"line":37,"column":58}},"19":{"start":{"line":38,"column":13},"end":{"line":38,"column":64}},"20":{"start":{"line":39,"column":13},"end":{"line":39,"column":59}},"21":{"start":{"line":40,"column":13},"end":{"line":40,"column":58}},"22":{"start":{"line":41,"column":13},"end":{"line":41,"column":58}},"23":{"start":{"line":42,"column":13},"end":{"line":42,"column":65}},"24":{"start":{"line":43,"column":13},"end":{"line":43,"column":69}},"25":{"start":{"line":44,"column":13},"end":{"line":44,"column":56}},"26":{"start":{"line":45,"column":13},"end":{"line":45,"column":56}},"27":{"start":{"line":46,"column":13},"end":{"line":46,"column":70}},"28":{"start":{"line":47,"column":13},"end":{"line":47,"column":84}},"29":{"start":{"line":48,"column":13},"end":{"line":48,"column":79}},"30":{"start":{"line":49,"column":13},"end":{"line":49,"column":72}},"31":{"start":{"line":50,"column":13},"end":{"line":50,"column":79}},"32":{"start":{"line":51,"column":13},"end":{"line":51,"column":67}},"33":{"start":{"line":52,"column":13},"end":{"line":52,"column":79}},"34":{"start":{"line":53,"column":13},"end":{"line":53,"column":74}},"35":{"start":{"line":54,"column":13},"end":{"line":54,"column":72}},"36":{"start":{"line":55,"column":13},"end":{"line":55,"column":56}},"37":{"start":{"line":56,"column":13},"end":{"line":56,"column":57}},"38":{"start":{"line":57,"column":13},"end":{"line":57,"column":71}},"39":{"start":{"line":58,"column":13},"end":{"line":58,"column":69}},"40":{"start":{"line":59,"column":13},"end":{"line":59,"column":63}},"41":{"start":{"line":60,"column":13},"end":{"line":60,"column":55}},"42":{"start":{"line":61,"column":13},"end":{"line":61,"column":63}},"43":{"start":{"line":62,"column":13},"end":{"line":62,"column":66}},"44":{"start":{"line":63,"column":13},"end":{"line":63,"column":63}},"45":{"start":{"line":64,"column":13},"end":{"line":64,"column":87}},"46":{"start":{"line":65,"column":13},"end":{"line":65,"column":69}},"47":{"start":{"line":66,"column":13},"end":{"line":66,"column":76}},"48":{"start":{"line":67,"column":13},"end":{"line":67,"column":78}},"49":{"start":{"line":68,"column":13},"end":{"line":68,"column":72}},"50":{"start":{"line":69,"column":13},"end":{"line":69,"column":61}},"51":{"start":{"line":70,"column":13},"end":{"line":70,"column":73}},"52":{"start":{"line":71,"column":13},"end":{"line":71,"column":68}},"53":{"start":{"line":72,"column":13},"end":{"line":72,"column":60}},"54":{"start":{"line":73,"column":13},"end":{"line":73,"column":61}},"55":{"start":{"line":74,"column":13},"end":{"line":74,"column":73}},"56":{"start":{"line":75,"column":13},"end":{"line":75,"column":48}},"57":{"start":{"line":76,"column":13},"end":{"line":76,"column":79}},"58":{"start":{"line":77,"column":13},"end":{"line":77,"column":61}},"59":{"start":{"line":78,"column":13},"end":{"line":78,"column":101}},"60":{"start":{"line":79,"column":13},"end":{"line":79,"column":100}},"61":{"start":{"line":83,"column":11},"end":{"line":142,"column":2}}},"fnMap":{"0":{"name":"getErrorMessage","decl":{"start":{"line":8,"column":16},"end":{"line":8,"column":31}},"loc":{"start":{"line":8,"column":42},"end":{"line":11,"column":1}}}},"branchMap":{"0":{"loc":{"start":{"line":9,"column":4},"end":{"line":9,"column":null}},"type":"if","locations":[{"start":{"line":9,"column":4},"end":{"line":9,"column":null}}]}},"s":{"0":0,"1":0,"2":0,"3":12,"4":12,"5":12,"6":12,"7":12,"8":12,"9":12,"10":12,"11":12,"12":12,"13":12,"14":12,"15":12,"16":12,"17":12,"18":12,"19":12,"20":12,"21":12,"22":12,"23":12,"24":12,"25":12,"26":12,"27":12,"28":12,"29":12,"30":12,"31":12,"32":12,"33":12,"34":12,"35":12,"36":12,"37":12,"38":12,"39":12,"40":12,"41":12,"42":12,"43":12,"44":12,"45":12,"46":12,"47":12,"48":12,"49":12,"50":12,"51":12,"52":12,"53":12,"54":12,"55":12,"56":12,"57":12,"58":12,"59":12,"60":12,"61":12},"f":{"0":0},"b":{"0":[0]}}
,"C:\\Users\\leena\\WebstormProjects\\seg-large-group\\backend\\service\\tokens.ts": {"path":"C:\\Users\\leena\\WebstormProjects\\seg-large-group\\backend\\service\\tokens.ts","statementMap":{"0":{"start":{"line":1,"column":0},"end":{"line":1,"column":31}},"1":{"start":{"line":2,"column":0},"end":{"line":2,"column":46}},"2":{"start":{"line":6,"column":19},"end":{"line":6,"column":50}},"3":{"start":{"line":7,"column":20},"end":{"line":7,"column":52}},"4":{"start":{"line":9,"column":4},"end":{"line":12,"column":6}},"5":{"start":{"line":5,"column":0},"end":{"line":5,"column":16}},"6":{"start":{"line":16,"column":20},"end":{"line":19,"column":6}},"7":{"start":{"line":21,"column":20},"end":{"line":23,"column":6}},"8":{"start":{"line":25,"column":4},"end":{"line":27,"column":null}},"9":{"start":{"line":26,"column":8},"end":{"line":26,"column":34}},"10":{"start":{"line":29,"column":4},"end":{"line":29,"column":50}},"11":{"start":{"line":34,"column":20},"end":{"line":34,"column":56}},"12":{"start":{"line":35,"column":4},"end":{"line":39,"column":null}},"13":{"start":{"line":33,"column":0},"end":{"line":33,"column":16}}},"fnMap":{"0":{"name":"GenerateKeyPair","decl":{"start":{"line":5,"column":16},"end":{"line":5,"column":31}},"loc":{"start":{"line":5,"column":48},"end":{"line":13,"column":1}}},"1":{"name":"GenerateJWT","decl":{"start":{"line":15,"column":9},"end":{"line":15,"column":20}},"loc":{"start":{"line":15,"column":45},"end":{"line":30,"column":1}}},"2":{"name":"VerifyJWT","decl":{"start":{"line":33,"column":16},"end":{"line":33,"column":25}},"loc":{"start":{"line":33,"column":39},"end":{"line":40,"column":1}}}},"branchMap":{"0":{"loc":{"start":{"line":25,"column":4},"end":{"line":27,"column":null}},"type":"if","locations":[{"start":{"line":25,"column":4},"end":{"line":27,"column":null}}]}},"s":{"0":1,"1":1,"2":1,"3":1,"4":1,"5":1,"6":2,"7":2,"8":2,"9":1,"10":2,"11":0,"12":0,"13":1},"f":{"0":1,"1":2,"2":0},"b":{"0":[1]}}
}
