TN:
SF:config/config.ts
FNF:0
FNH:0
DA:4,9
DA:6,9
LF:2
LH:2
BRF:0
BRH:0
end_of_record
TN:
SF:db/applications.ts
FN:6,CreateApplication
FN:20,RetrieveApplication
FN:32,RetrieveAllApplications
FN:37,UpdateApplication
FN:55,DeleteApplication
FN:60,DeleteApplicationsForSearcher
FN:68,GetApplicationsBySearcher
FN:72,(anonymous_21)
FN:80,GetApplicationsByFilter
FN:93,(anonymous_24)
FNF:10
FNH:2
FNDA:0,CreateApplication
FNDA:0,RetrieveApplication
FNDA:0,RetrieveAllApplications
FNDA:0,UpdateApplication
FNDA:0,DeleteApplication
FNDA:5,DeleteApplicationsForSearcher
FNDA:5,GetApplicationsBySearcher
FNDA:0,(anonymous_21)
FNDA:0,GetApplicationsByFilter
FNDA:0,(anonymous_24)
DA:6,8
DA:7,0
DA:9,0
DA:20,8
DA:21,0
DA:22,0
DA:24,0
DA:25,0
DA:27,0
DA:32,8
DA:33,0
DA:34,0
DA:37,8
DA:38,0
DA:40,0
DA:41,0
DA:51,0
DA:55,8
DA:56,0
DA:57,0
DA:60,8
DA:61,5
DA:63,5
DA:64,0
DA:68,8
DA:69,5
DA:70,5
DA:72,5
DA:73,0
DA:74,0
DA:77,5
DA:80,8
DA:81,0
DA:83,0
DA:84,0
DA:85,0
DA:89,0
DA:91,0
DA:93,0
DA:94,0
DA:95,0
DA:98,0
LF:42
LH:14
BRDA:24,0,0,0
BRDA:24,0,1,0
BRDA:84,1,0,0
BRF:3
BRH:0
end_of_record
TN:
SF:db/companies.ts
FN:6,CreateCompany
FN:20,RetrieveCompanyByID
FN:31,DeleteCompany
FN:36,GetAllCompanyIds
FN:40,(anonymous_15)
FNF:5
FNH:2
FNDA:0,CreateCompany
FNDA:3,RetrieveCompanyByID
FNDA:2,DeleteCompany
FNDA:0,GetAllCompanyIds
FNDA:0,(anonymous_15)
DA:3,8
DA:4,8
DA:6,8
DA:7,0
DA:8,0
DA:11,0
DA:14,0
DA:20,8
DA:21,3
DA:22,3
DA:24,3
DA:25,0
DA:28,3
DA:31,8
DA:32,2
DA:33,2
DA:36,8
DA:37,0
DA:38,0
DA:40,0
DA:41,0
DA:42,0
DA:45,0
LF:23
LH:12
BRDA:24,0,0,0
BRF:1
BRH:0
end_of_record
TN:
SF:db/db.ts
FN:21,(anonymous_0)
FN:34,(anonymous_1)
FN:38,(anonymous_2)
FN:42,(anonymous_3)
FN:46,(anonymous_4)
FN:50,(anonymous_5)
FN:54,(anonymous_6)
FNF:7
FNH:6
FNDA:8,(anonymous_0)
FNDA:24,(anonymous_1)
FNDA:4,(anonymous_2)
FNDA:19,(anonymous_3)
FNDA:5,(anonymous_4)
FNDA:0,(anonymous_5)
FNDA:5,(anonymous_6)
DA:2,8
DA:3,8
DA:4,8
DA:5,8
DA:6,8
DA:9,8
DA:10,8
DA:22,8
DA:27,8
DA:29,8
DA:35,24
DA:39,4
DA:43,19
DA:47,5
DA:51,0
DA:55,5
DA:60,8
LF:17
LH:16
BRF:0
BRH:0
end_of_record
TN:
SF:db/jobs.ts
FN:5,CreateJobListing
FN:36,RetrieveJobListing
FN:43,UpdateJobListing
FN:56,DeleteJobListing
FN:65,DeleteJobsByCompanyID
FN:71,(anonymous_18)
FN:79,DeleteJobFromSaved
FN:82,(anonymous_21)
FN:82,(anonymous_22)
FN:86,(anonymous_23)
FN:93,GetSavedJobsForSearcher
FN:112,GetAllJobIDs
FN:116,(anonymous_28)
FN:124,RetrieveJobListingsByFilter
FN:164,(anonymous_31)
FNF:15
FNH:6
FNDA:0,CreateJobListing
FNDA:0,RetrieveJobListing
FNDA:0,UpdateJobListing
FNDA:2,DeleteJobListing
FNDA:2,DeleteJobsByCompanyID
FNDA:1,(anonymous_18)
FNDA:2,DeleteJobFromSaved
FNDA:35,(anonymous_21)
FNDA:35,(anonymous_22)
FNDA:0,(anonymous_23)
FNDA:0,GetSavedJobsForSearcher
FNDA:0,GetAllJobIDs
FNDA:0,(anonymous_28)
FNDA:0,RetrieveJobListingsByFilter
FNDA:0,(anonymous_31)
DA:5,8
DA:6,0
DA:8,0
DA:9,0
DA:28,0
DA:31,0
DA:36,8
DA:37,0
DA:38,0
DA:40,0
DA:43,8
DA:44,0
DA:46,0
DA:48,0
DA:49,0
DA:51,0
DA:56,8
DA:57,2
DA:59,2
DA:60,2
DA:65,8
DA:66,2
DA:67,0
DA:69,2
DA:70,2
DA:71,2
DA:72,1
DA:79,8
DA:80,2
DA:81,2
DA:82,35
DA:83,35
DA:84,35
DA:85,35
DA:86,0
DA:87,0
DA:90,2
DA:93,8
DA:94,0
DA:95,0
DA:96,0
DA:99,0
DA:100,0
DA:102,0
DA:103,0
DA:104,0
DA:105,0
DA:109,0
DA:112,8
DA:113,0
DA:114,0
DA:116,0
DA:117,0
DA:118,0
DA:121,0
DA:124,8
DA:125,0
DA:127,0
DA:128,0
DA:129,0
DA:138,0
DA:139,0
DA:141,0
DA:142,0
DA:144,0
DA:145,0
DA:146,0
DA:147,0
DA:148,0
DA:149,0
DA:151,0
DA:154,0
DA:155,0
DA:160,0
DA:162,0
DA:164,0
DA:165,0
DA:166,0
DA:169,0
LF:79
LH:24
BRDA:66,0,0,0
BRDA:84,1,0,35
BRDA:84,1,1,0
BRDA:85,2,0,0
BRDA:95,3,0,0
BRDA:104,4,0,0
BRDA:128,5,0,0
BRDA:128,6,0,0
BRDA:128,6,1,0
BRDA:128,6,2,0
BRDA:129,7,0,0
BRDA:129,7,1,0
BRDA:129,7,2,0
BRDA:129,7,3,0
BRDA:129,7,4,0
BRDA:129,7,5,0
BRDA:129,7,6,0
BRDA:129,7,7,0
BRDA:129,7,8,0
BRDA:129,7,9,0
BRDA:129,7,10,0
BRDA:129,7,11,0
BRDA:144,8,0,0
BRDA:144,9,0,0
BRDA:144,9,1,0
BRF:25
BRH:1
end_of_record
TN:
SF:db/searchers.ts
FN:6,CreateSearcher
FN:25,RetrieveSearcherByID
FN:36,DeleteSearcher
FN:41,GetAllSearcherIDs
FN:45,(anonymous_15)
FNF:5
FNH:3
FNDA:2,CreateSearcher
FNDA:10,RetrieveSearcherByID
FNDA:5,DeleteSearcher
FNDA:0,GetAllSearcherIDs
FNDA:0,(anonymous_15)
DA:2,8
DA:4,8
DA:6,8
DA:7,2
DA:8,2
DA:11,0
DA:14,2
DA:25,8
DA:26,10
DA:27,10
DA:29,10
DA:30,0
DA:33,10
DA:36,8
DA:37,5
DA:38,5
DA:41,8
DA:42,0
DA:43,0
DA:45,0
DA:46,0
DA:47,0
DA:50,0
LF:23
LH:15
BRDA:29,0,0,0
BRF:1
BRH:0
end_of_record
TN:
SF:db/users.ts
FN:8,CreateUser
FN:23,RetrieveFullUserByID
FN:56,RetrieveFullUserByEmail
FN:85,UpdateUser
FN:93,(anonymous_21)
FN:108,(anonymous_22)
FN:124,(anonymous_23)
FN:137,DeleteUser
FN:156,DeleteUserByEmail
FN:173,GetUserID
FN:188,GetAllSearcherIDs
FN:192,(anonymous_32)
FN:200,GetAllCompanyIDs
FN:204,(anonymous_35)
FN:212,RetrieveUserByCompanyID
FN:218,RetrieveUserBySearcherID
FNF:16
FNH:5
FNDA:2,CreateUser
FNDA:5,RetrieveFullUserByID
FNDA:9,RetrieveFullUserByEmail
FNDA:0,UpdateUser
FNDA:0,(anonymous_21)
FNDA:0,(anonymous_22)
FNDA:0,(anonymous_23)
FNDA:5,DeleteUser
FNDA:2,DeleteUserByEmail
FNDA:0,GetUserID
FNDA:0,GetAllSearcherIDs
FNDA:0,(anonymous_32)
FNDA:0,GetAllCompanyIDs
FNDA:0,(anonymous_35)
FNDA:0,RetrieveUserByCompanyID
FNDA:0,RetrieveUserBySearcherID
DA:1,8
DA:2,8
DA:3,8
DA:5,8
DA:8,8
DA:9,2
DA:23,8
DA:26,5
DA:29,5
DA:31,5
DA:32,0
DA:35,5
DA:37,5
DA:38,1
DA:40,1
DA:42,1
DA:45,4
DA:46,4
DA:48,4
DA:50,4
DA:53,0
DA:56,8
DA:57,9
DA:59,9
DA:61,8
DA:63,8
DA:65,8
DA:66,2
DA:68,2
DA:70,2
DA:71,6
DA:72,6
DA:74,6
DA:76,6
DA:79,0
DA:81,0
DA:85,8
DA:87,0
DA:89,0
DA:91,0
DA:93,0
DA:94,0
DA:95,0
DA:99,0
DA:100,0
DA:101,0
DA:104,0
DA:105,0
DA:106,0
DA:108,0
DA:109,0
DA:110,0
DA:114,0
DA:115,0
DA:120,0
DA:121,0
DA:122,0
DA:124,0
DA:125,0
DA:126,0
DA:130,0
DA:131,0
DA:137,8
DA:138,5
DA:139,5
DA:140,0
DA:143,5
DA:144,5
DA:145,5
DA:146,5
DA:148,5
DA:149,1
DA:150,4
DA:151,4
DA:156,8
DA:157,2
DA:158,2
DA:159,0
DA:162,2
DA:164,2
DA:165,1
DA:166,1
DA:167,1
DA:170,2
DA:173,8
DA:174,0
DA:175,0
DA:176,0
DA:179,0
DA:180,0
DA:181,0
DA:184,0
DA:188,8
DA:189,0
DA:190,0
DA:192,0
DA:193,0
DA:194,0
DA:197,0
DA:200,8
DA:201,0
DA:202,0
DA:204,0
DA:205,0
DA:206,0
DA:209,0
DA:212,8
DA:213,0
DA:214,0
DA:215,0
DA:218,8
DA:219,0
DA:220,0
DA:221,0
LF:114
LH:58
BRDA:31,0,0,0
BRDA:37,1,0,1
BRDA:40,2,0,0
BRDA:45,3,0,4
BRDA:48,4,0,0
BRDA:59,5,0,1
BRDA:61,6,0,0
BRDA:65,7,0,2
BRDA:65,7,1,6
BRDA:68,8,0,0
BRDA:71,9,0,6
BRDA:74,10,0,0
BRDA:94,11,0,0
BRDA:94,12,0,0
BRDA:94,12,1,0
BRDA:99,13,0,0
BRDA:100,14,0,0
BRDA:104,15,0,0
BRDA:109,16,0,0
BRDA:109,17,0,0
BRDA:109,17,1,0
BRDA:114,18,0,0
BRDA:120,19,0,0
BRDA:125,20,0,0
BRDA:125,21,0,0
BRDA:125,21,1,0
BRDA:130,22,0,0
BRDA:139,23,0,0
BRDA:148,24,0,1
BRDA:148,24,1,4
BRDA:150,25,0,4
BRDA:158,26,0,0
BRDA:164,27,0,1
BRDA:164,27,1,1
BRDA:166,28,0,1
BRDA:175,29,0,0
BRDA:180,30,0,0
BRDA:214,31,0,0
BRDA:220,32,0,0
BRF:39
BRH:12
end_of_record
TN:
SF:models/application.ts
FN:14,(anonymous_0)
FN:27,(anonymous_1)
FN:28,(anonymous_2)
FNF:3
FNH:0
FNDA:0,(anonymous_0)
FNDA:0,(anonymous_1)
FNDA:0,(anonymous_2)
DA:15,0
DA:16,0
DA:17,0
DA:18,0
DA:19,0
DA:20,0
DA:21,0
DA:26,8
DA:27,0
DA:28,0
DA:31,8
LF:11
LH:2
BRF:0
BRH:0
end_of_record
TN:
SF:models/job.ts
FN:22,(anonymous_0)
FN:60,(anonymous_1)
FN:61,(anonymous_2)
FNF:3
FNH:0
FNDA:0,(anonymous_0)
FNDA:0,(anonymous_1)
FNDA:0,(anonymous_2)
DA:40,0
DA:41,0
DA:42,0
DA:43,0
DA:44,0
DA:45,0
DA:46,0
DA:47,0
DA:48,0
DA:49,0
DA:50,0
DA:51,0
DA:52,0
DA:53,0
DA:54,0
DA:55,0
DA:59,8
DA:60,0
DA:61,0
DA:64,8
LF:20
LH:2
BRF:0
BRH:0
end_of_record
TN:
SF:models/notification.ts
FN:9,(anonymous_0)
FN:19,(anonymous_1)
FN:20,(anonymous_2)
FNF:3
FNH:0
FNDA:0,(anonymous_0)
FNDA:0,(anonymous_1)
FNDA:0,(anonymous_2)
DA:10,0
DA:11,0
DA:12,0
DA:13,0
DA:14,0
DA:18,8
DA:19,0
DA:20,0
DA:23,8
LF:9
LH:2
BRF:0
BRH:0
end_of_record
TN:
SF:models/user.ts
FN:15,(anonymous_0)
FN:33,(anonymous_1)
FN:50,(anonymous_2)
FN:72,(anonymous_3)
FN:89,(anonymous_4)
FN:108,(anonymous_5)
FN:109,(anonymous_6)
FN:113,(anonymous_7)
FN:114,(anonymous_8)
FN:118,(anonymous_9)
FN:119,(anonymous_10)
FNF:11
FNH:9
FNDA:15,(anonymous_0)
FNDA:13,(anonymous_1)
FNDA:13,(anonymous_2)
FNDA:0,(anonymous_3)
FNDA:2,(anonymous_4)
FNDA:2,(anonymous_5)
FNDA:13,(anonymous_6)
FNDA:0,(anonymous_7)
FNDA:3,(anonymous_8)
FNDA:2,(anonymous_9)
FNDA:45,(anonymous_10)
DA:16,15
DA:17,15
DA:18,15
DA:19,15
DA:20,15
DA:21,15
DA:22,15
DA:23,15
DA:24,15
DA:45,13
DA:46,13
DA:47,13
DA:51,13
DA:75,0
DA:76,0
DA:97,2
DA:98,2
DA:99,2
DA:100,2
DA:101,2
DA:102,2
DA:103,2
DA:107,8
DA:108,2
DA:109,13
DA:112,8
DA:113,0
DA:114,3
DA:117,8
DA:118,2
DA:119,45
DA:122,8
LF:32
LH:29
BRF:0
BRH:0
end_of_record
TN:
SF:service/public.ts
FN:8,getErrorMessage
FNF:1
FNH:0
FNDA:0,getErrorMessage
DA:8,8
DA:9,0
DA:10,0
DA:22,8
DA:24,8
DA:25,8
DA:26,8
DA:27,8
DA:28,8
DA:29,8
DA:30,8
DA:31,8
DA:32,8
DA:33,8
DA:34,8
DA:35,8
DA:36,8
DA:37,8
DA:38,8
DA:39,8
DA:40,8
DA:41,8
DA:42,8
DA:43,8
DA:44,8
DA:45,8
DA:46,8
DA:47,8
DA:48,8
DA:49,8
DA:50,8
DA:51,8
DA:52,8
DA:53,8
DA:54,8
DA:55,8
DA:56,8
DA:57,8
DA:58,8
DA:59,8
DA:60,8
DA:61,8
DA:62,8
DA:63,8
DA:64,8
DA:65,8
DA:66,8
DA:67,8
DA:68,8
DA:69,8
DA:70,8
DA:71,8
DA:72,8
DA:73,8
DA:74,8
DA:75,8
DA:76,8
DA:77,8
DA:78,8
DA:79,8
DA:83,8
LF:61
LH:59
BRDA:9,0,0,0
BRF:1
BRH:0
end_of_record
TN:
SF:service/tokens.ts
FN:5,GenerateKeyPair
FN:15,GenerateJWT
FN:33,VerifyJWT
FNF:3
FNH:2
FNDA:1,GenerateKeyPair
FNDA:2,GenerateJWT
FNDA:0,VerifyJWT
DA:1,1
DA:2,1
DA:5,1
DA:6,1
DA:7,1
DA:9,1
DA:16,2
DA:21,2
DA:25,2
DA:26,1
DA:29,2
DA:33,1
DA:34,0
DA:35,0
LF:14
LH:12
BRDA:25,0,0,1
BRF:1
BRH:1
end_of_record
