TN:
SF:config\config.ts
FNF:0
FNH:0
DA:4,13
DA:6,13
LF:2
LH:2
BRF:0
BRH:0
end_of_record
TN:
SF:db\applications.ts
FN:6,CreateApplication
FN:20,RetrieveApplication
FN:32,RetrieveAllApplications
FN:37,UpdateApplication
FN:54,DeleteApplication
FN:59,DeleteApplicationsForSearcher
FN:67,GetApplicationsBySearcher
FN:71,(anonymous_21)
FN:79,GetApplicationsByFilter
FN:92,(anonymous_24)
FNF:10
FNH:9
FNDA:2,CreateApplication
FNDA:3,RetrieveApplication
FNDA:0,RetrieveAllApplications
FNDA:1,UpdateApplication
FNDA:3,DeleteApplication
FNDA:8,DeleteApplicationsForSearcher
FNDA:8,GetApplicationsBySearcher
FNDA:2,(anonymous_21)
FNDA:1,GetApplicationsByFilter
FNDA:16,(anonymous_24)
DA:6,12
DA:7,2
DA:9,2
DA:20,12
DA:21,3
DA:22,3
DA:24,3
DA:25,2
DA:27,1
DA:32,12
DA:33,0
DA:34,0
DA:37,12
DA:38,1
DA:40,1
DA:41,1
DA:50,0
DA:54,12
DA:55,3
DA:56,3
DA:59,12
DA:60,8
DA:62,8
DA:63,2
DA:67,12
DA:68,8
DA:69,8
DA:71,8
DA:72,2
DA:73,2
DA:76,8
DA:79,12
DA:80,1
DA:82,1
DA:83,1
DA:84,1
DA:88,1
DA:90,1
DA:92,1
DA:93,16
DA:94,16
DA:97,1
LF:42
LH:39
BRDA:24,0,0,2
BRDA:24,0,1,1
BRDA:83,1,0,1
BRF:3
BRH:3
end_of_record
TN:
SF:db\companies.ts
FN:6,CreateCompany
FN:20,RetrieveCompanyByID
FN:31,DeleteCompany
FN:36,GetAllCompanyIds
FN:40,(anonymous_15)
FNF:5
FNH:3
FNDA:2,CreateCompany
FNDA:5,RetrieveCompanyByID
FNDA:4,DeleteCompany
FNDA:0,GetAllCompanyIds
FNDA:0,(anonymous_15)
DA:3,12
DA:4,12
DA:6,12
DA:7,2
DA:8,2
DA:11,0
DA:14,2
DA:20,12
DA:21,5
DA:22,5
DA:24,5
DA:25,0
DA:28,5
DA:31,12
DA:32,4
DA:33,4
DA:36,12
DA:37,0
DA:38,0
DA:40,0
DA:41,0
DA:42,0
DA:45,0
LF:23
LH:15
BRDA:24,0,0,0
BRF:1
BRH:0
end_of_record
TN:
SF:db\db.ts
FN:21,(anonymous_0)
FN:34,(anonymous_1)
FN:38,(anonymous_2)
FN:42,(anonymous_3)
FN:46,(anonymous_4)
FN:50,(anonymous_5)
FN:54,(anonymous_6)
FNF:7
FNH:7
FNDA:12,(anonymous_0)
FNDA:41,(anonymous_1)
FNDA:12,(anonymous_2)
FNDA:32,(anonymous_3)
FNDA:11,(anonymous_4)
FNDA:4,(anonymous_5)
FNDA:20,(anonymous_6)
DA:2,12
DA:3,12
DA:4,12
DA:5,12
DA:6,12
DA:9,12
DA:10,12
DA:22,12
DA:27,12
DA:29,12
DA:35,41
DA:39,12
DA:43,32
DA:47,11
DA:51,4
DA:55,20
DA:60,12
LF:17
LH:17
BRF:0
BRH:0
end_of_record
TN:
SF:db\jobs.ts
FN:5,CreateJobListing
FN:36,RetrieveJobListing
FN:43,UpdateJobListing
FN:56,DeleteJobListing
FN:65,DeleteJobsByCompanyID
FN:71,(anonymous_18)
FN:79,DeleteJobFromSaved
FN:82,(anonymous_21)
FN:82,(anonymous_22)
FN:86,(anonymous_23)
FN:93,GetSavedJobsForSearcher
FN:112,GetAllJobIDs
FN:116,(anonymous_28)
FN:124,RetrieveJobListingsByFilter
FN:164,(anonymous_31)
FNF:15
FNH:7
FNDA:2,CreateJobListing
FNDA:0,RetrieveJobListing
FNDA:0,UpdateJobListing
FNDA:5,DeleteJobListing
FNDA:4,DeleteJobsByCompanyID
FNDA:3,(anonymous_18)
FNDA:5,DeleteJobFromSaved
FNDA:17,(anonymous_21)
FNDA:17,(anonymous_22)
FNDA:0,(anonymous_23)
FNDA:0,GetSavedJobsForSearcher
FNDA:0,GetAllJobIDs
FNDA:0,(anonymous_28)
FNDA:0,RetrieveJobListingsByFilter
FNDA:0,(anonymous_31)
DA:5,12
DA:6,2
DA:8,2
DA:9,2
DA:28,0
DA:31,1
DA:36,12
DA:37,0
DA:38,0
DA:40,0
DA:43,12
DA:44,0
DA:46,0
DA:48,0
DA:49,0
DA:51,0
DA:56,12
DA:57,5
DA:59,5
DA:60,5
DA:65,12
DA:66,4
DA:67,0
DA:69,4
DA:70,4
DA:71,4
DA:72,3
DA:79,12
DA:80,5
DA:81,5
DA:82,17
DA:83,17
DA:84,17
DA:85,17
DA:86,0
DA:87,0
DA:90,5
DA:93,12
DA:94,0
DA:95,0
DA:96,0
DA:99,0
DA:100,0
DA:102,0
DA:103,0
DA:104,0
DA:105,0
DA:109,0
DA:112,12
DA:113,0
DA:114,0
DA:116,0
DA:117,0
DA:118,0
DA:121,0
DA:124,12
DA:125,0
DA:127,0
DA:128,0
DA:129,0
DA:138,0
DA:139,0
DA:141,0
DA:142,0
DA:144,0
DA:145,0
DA:146,0
DA:147,0
DA:148,0
DA:149,0
DA:151,0
DA:154,0
DA:155,0
DA:160,0
DA:162,0
DA:164,0
DA:165,0
DA:166,0
DA:169,0
LF:79
LH:28
BRDA:66,0,0,0
BRDA:84,1,0,17
BRDA:84,1,1,0
BRDA:85,2,0,0
BRDA:95,3,0,0
BRDA:104,4,0,0
BRDA:128,5,0,0
BRDA:128,6,0,0
BRDA:128,6,1,0
BRDA:128,6,2,0
BRDA:129,7,0,0
BRDA:129,7,1,0
BRDA:129,7,2,0
BRDA:129,7,3,0
BRDA:129,7,4,0
BRDA:129,7,5,0
BRDA:129,7,6,0
BRDA:129,7,7,0
BRDA:129,7,8,0
BRDA:129,7,9,0
BRDA:129,7,10,0
BRDA:129,7,11,0
BRDA:144,8,0,0
BRDA:144,9,0,0
BRDA:144,9,1,0
BRF:25
BRH:1
end_of_record
TN:
SF:db\notifications.ts
FN:5,CreateNotification
FN:29,RetrieveNotification
FN:36,GetAllUserNotifs
FN:41,(anonymous_19)
FN:49,DeleteNotification
FNF:5
FNH:2
FNDA:1,CreateNotification
FNDA:2,RetrieveNotification
FNDA:0,GetAllUserNotifs
FNDA:0,(anonymous_19)
FNDA:0,DeleteNotification
DA:3,1
DA:5,1
DA:6,1
DA:9,1
DA:10,1
DA:15,0
DA:18,1
DA:20,1
DA:21,0
DA:24,1
DA:25,1
DA:26,1
DA:29,1
DA:30,2
DA:31,2
DA:33,2
DA:36,1
DA:38,0
DA:39,0
DA:41,0
DA:42,0
DA:43,0
DA:46,0
DA:49,1
DA:50,0
DA:51,0
LF:26
LH:16
BRDA:20,0,0,0
BRF:1
BRH:0
end_of_record
TN:
SF:db\searchers.ts
FN:6,CreateSearcher
FN:25,RetrieveSearcherByID
FN:36,DeleteSearcher
FN:41,GetAllSearcherIDs
FN:45,(anonymous_15)
FNF:5
FNH:3
FNDA:4,CreateSearcher
FNDA:15,RetrieveSearcherByID
FNDA:8,DeleteSearcher
FNDA:0,GetAllSearcherIDs
FNDA:0,(anonymous_15)
DA:2,12
DA:4,12
DA:6,12
DA:7,4
DA:8,4
DA:11,0
DA:14,4
DA:25,12
DA:26,15
DA:27,15
DA:29,15
DA:30,0
DA:33,15
DA:36,12
DA:37,8
DA:38,8
DA:41,12
DA:42,0
DA:43,0
DA:45,0
DA:46,0
DA:47,0
DA:50,0
LF:23
LH:15
BRDA:29,0,0,0
BRF:1
BRH:0
end_of_record
TN:
SF:db\users.ts
FN:8,CreateUser
FN:23,RetrieveFullUserByID
FN:56,RetrieveFullUserByEmail
FN:85,UpdateUser
FN:93,(anonymous_21)
FN:108,(anonymous_22)
FN:124,(anonymous_23)
FN:137,DeleteUser
FN:156,DeleteUserByEmail
FN:173,GetUserID
FN:188,GetAllSearcherIDs
FN:192,(anonymous_32)
FN:200,GetAllCompanyIDs
FN:204,(anonymous_35)
FN:212,RetrieveUserByCompanyID
FN:218,RetrieveUserBySearcherID
FNF:16
FNH:8
FNDA:6,CreateUser
FNDA:10,RetrieveFullUserByID
FNDA:11,RetrieveFullUserByEmail
FNDA:1,UpdateUser
FNDA:6,(anonymous_21)
FNDA:6,(anonymous_22)
FNDA:0,(anonymous_23)
FNDA:8,DeleteUser
FNDA:4,DeleteUserByEmail
FNDA:0,GetUserID
FNDA:0,GetAllSearcherIDs
FNDA:0,(anonymous_32)
FNDA:0,GetAllCompanyIDs
FNDA:0,(anonymous_35)
FNDA:0,RetrieveUserByCompanyID
FNDA:0,RetrieveUserBySearcherID
DA:1,12
DA:2,12
DA:3,12
DA:5,12
DA:8,12
DA:9,6
DA:23,12
DA:26,10
DA:29,10
DA:31,10
DA:32,0
DA:35,10
DA:37,10
DA:38,2
DA:40,2
DA:42,2
DA:45,8
DA:46,8
DA:48,8
DA:50,8
DA:53,0
DA:56,12
DA:57,11
DA:59,11
DA:61,10
DA:63,10
DA:65,10
DA:66,3
DA:68,3
DA:70,3
DA:71,7
DA:72,7
DA:74,7
DA:76,7
DA:79,0
DA:81,0
DA:85,12
DA:87,1
DA:89,1
DA:91,1
DA:93,1
DA:94,6
DA:95,1
DA:99,1
DA:100,1
DA:101,1
DA:104,1
DA:105,1
DA:106,1
DA:108,1
DA:109,6
DA:110,0
DA:114,1
DA:115,0
DA:120,1
DA:121,0
DA:122,0
DA:124,0
DA:125,0
DA:126,0
DA:130,0
DA:131,0
DA:137,12
DA:138,8
DA:139,8
DA:140,0
DA:143,8
DA:144,8
DA:145,8
DA:146,8
DA:148,8
DA:149,2
DA:150,6
DA:151,6
DA:156,12
DA:157,4
DA:158,4
DA:159,0
DA:162,4
DA:164,4
DA:165,2
DA:166,2
DA:167,2
DA:170,4
DA:173,12
DA:174,0
DA:175,0
DA:176,0
DA:179,0
DA:180,0
DA:181,0
DA:184,0
DA:188,12
DA:189,0
DA:190,0
DA:192,0
DA:193,0
DA:194,0
DA:197,0
DA:200,12
DA:201,0
DA:202,0
DA:204,0
DA:205,0
DA:206,0
DA:209,0
DA:212,12
DA:213,0
DA:214,0
DA:215,0
DA:218,12
DA:219,0
DA:220,0
DA:221,0
LF:114
LH:74
BRDA:31,0,0,0
BRDA:37,1,0,2
BRDA:40,2,0,0
BRDA:45,3,0,8
BRDA:48,4,0,0
BRDA:59,5,0,1
BRDA:61,6,0,0
BRDA:65,7,0,3
BRDA:65,7,1,7
BRDA:68,8,0,0
BRDA:71,9,0,7
BRDA:74,10,0,0
BRDA:94,11,0,1
BRDA:94,12,0,6
BRDA:94,12,1,1
BRDA:99,13,0,1
BRDA:100,14,0,1
BRDA:104,15,0,1
BRDA:109,16,0,0
BRDA:109,17,0,6
BRDA:109,17,1,0
BRDA:114,18,0,0
BRDA:120,19,0,0
BRDA:125,20,0,0
BRDA:125,21,0,0
BRDA:125,21,1,0
BRDA:130,22,0,0
BRDA:139,23,0,0
BRDA:148,24,0,2
BRDA:148,24,1,6
BRDA:150,25,0,6
BRDA:158,26,0,0
BRDA:164,27,0,2
BRDA:164,27,1,2
BRDA:166,28,0,2
BRDA:175,29,0,0
BRDA:180,30,0,0
BRDA:214,31,0,0
BRDA:220,32,0,0
BRF:39
BRH:19
end_of_record
TN:
SF:models\application.ts
FN:14,(anonymous_0)
FN:27,(anonymous_1)
FN:28,(anonymous_2)
FNF:3
FNH:3
FNDA:3,(anonymous_0)
FNDA:2,(anonymous_1)
FNDA:20,(anonymous_2)
DA:15,3
DA:16,3
DA:17,3
DA:18,3
DA:19,3
DA:20,3
DA:21,3
DA:26,12
DA:27,2
DA:28,20
DA:31,12
LF:11
LH:11
BRF:0
BRH:0
end_of_record
TN:
SF:models\job.ts
FN:22,(anonymous_0)
FN:60,(anonymous_1)
FN:61,(anonymous_2)
FNF:3
FNH:2
FNDA:3,(anonymous_0)
FNDA:2,(anonymous_1)
FNDA:0,(anonymous_2)
DA:40,3
DA:41,3
DA:42,3
DA:43,3
DA:44,3
DA:45,3
DA:46,3
DA:47,3
DA:48,3
DA:49,3
DA:50,3
DA:51,3
DA:52,3
DA:53,3
DA:54,3
DA:55,3
DA:59,12
DA:60,2
DA:61,0
DA:64,12
LF:20
LH:19
BRF:0
BRH:0
end_of_record
TN:
SF:models\notification.ts
FN:9,(anonymous_0)
FN:19,(anonymous_1)
FN:20,(anonymous_2)
FNF:3
FNH:3
FNDA:1,(anonymous_0)
FNDA:1,(anonymous_1)
FNDA:1,(anonymous_2)
DA:10,1
DA:11,1
DA:12,1
DA:13,1
DA:14,1
DA:18,12
DA:19,1
DA:20,1
DA:23,12
LF:9
LH:9
BRF:0
BRH:0
end_of_record
TN:
SF:models\user.ts
FN:15,(anonymous_0)
FN:33,(anonymous_1)
FN:50,(anonymous_2)
FN:72,(anonymous_3)
FN:89,(anonymous_4)
FN:108,(anonymous_5)
FN:109,(anonymous_6)
FN:113,(anonymous_7)
FN:114,(anonymous_8)
FN:118,(anonymous_9)
FN:119,(anonymous_10)
FNF:11
FNH:11
FNDA:26,(anonymous_0)
FNDA:20,(anonymous_1)
FNDA:20,(anonymous_2)
FNDA:2,(anonymous_3)
FNDA:4,(anonymous_4)
FNDA:6,(anonymous_5)
FNDA:20,(anonymous_6)
FNDA:2,(anonymous_7)
FNDA:5,(anonymous_8)
FNDA:4,(anonymous_9)
FNDA:32,(anonymous_10)
DA:16,26
DA:17,26
DA:18,26
DA:19,26
DA:20,26
DA:21,26
DA:22,26
DA:23,26
DA:24,26
DA:45,20
DA:46,20
DA:47,20
DA:51,20
DA:75,2
DA:76,2
DA:97,4
DA:98,4
DA:99,4
DA:100,4
DA:101,4
DA:102,4
DA:103,4
DA:107,12
DA:108,6
DA:109,20
DA:112,12
DA:113,2
DA:114,5
DA:117,12
DA:118,4
DA:119,32
DA:122,12
LF:32
LH:32
BRF:0
BRH:0
end_of_record
TN:
SF:service\public.ts
FN:8,getErrorMessage
FNF:1
FNH:0
FNDA:0,getErrorMessage
DA:8,12
DA:9,0
DA:10,0
DA:22,12
DA:24,12
DA:25,12
DA:26,12
DA:27,12
DA:28,12
DA:29,12
DA:30,12
DA:31,12
DA:32,12
DA:33,12
DA:34,12
DA:35,12
DA:36,12
DA:37,12
DA:38,12
DA:39,12
DA:40,12
DA:41,12
DA:42,12
DA:43,12
DA:44,12
DA:45,12
DA:46,12
DA:47,12
DA:48,12
DA:49,12
DA:50,12
DA:51,12
DA:52,12
DA:53,12
DA:54,12
DA:55,12
DA:56,12
DA:57,12
DA:58,12
DA:59,12
DA:60,12
DA:61,12
DA:62,12
DA:63,12
DA:64,12
DA:65,12
DA:66,12
DA:67,12
DA:68,12
DA:69,12
DA:70,12
DA:71,12
DA:72,12
DA:73,12
DA:74,12
DA:75,12
DA:76,12
DA:77,12
DA:78,12
DA:79,12
DA:83,12
LF:61
LH:59
BRDA:9,0,0,0
BRF:1
BRH:0
end_of_record
TN:
SF:service\tokens.ts
FN:5,GenerateKeyPair
FN:15,GenerateJWT
FN:33,VerifyJWT
FNF:3
FNH:2
FNDA:1,GenerateKeyPair
FNDA:2,GenerateJWT
FNDA:0,VerifyJWT
DA:1,1
DA:2,1
DA:5,1
DA:6,1
DA:7,1
DA:9,1
DA:16,2
DA:21,2
DA:25,2
DA:26,1
DA:29,2
DA:33,1
DA:34,0
DA:35,0
LF:14
LH:12
BRDA:25,0,0,1
BRF:1
BRH:1
end_of_record
