TN:
SF:config\config.ts
FNF:0
FNH:0
DA:4,13
DA:6,13
LF:2
LH:2
BRF:0
BRH:0
end_of_record
TN:
SF:db\applications.ts
FN:6,CreateApplication
FN:20,RetrieveApplication
FN:32,RetrieveAllApplications
FN:37,UpdateApplication
FN:54,DeleteApplication
FN:59,DeleteApplicationsForSearcher
FN:67,GetApplicationsBySearcher
FN:71,(anonymous_21)
FN:79,GetApplicationsByFilter
FN:92,(anonymous_24)
FNF:10
FNH:3
FNDA:1,CreateApplication
FNDA:0,RetrieveApplication
FNDA:0,RetrieveAllApplications
FNDA:0,UpdateApplication
FNDA:0,DeleteApplication
FNDA:5,DeleteApplicationsForSearcher
FNDA:5,GetApplicationsBySearcher
FNDA:0,(anonymous_21)
FNDA:0,GetApplicationsByFilter
FNDA:0,(anonymous_24)
DA:6,12
DA:7,1
DA:9,1
DA:20,12
DA:21,0
DA:22,0
DA:24,0
DA:25,0
DA:27,0
DA:32,12
DA:33,0
DA:34,0
DA:37,12
DA:38,0
DA:40,0
DA:41,0
DA:50,0
DA:54,12
DA:55,0
DA:56,0
DA:59,12
DA:60,5
DA:62,5
DA:63,0
DA:67,12
DA:68,5
DA:69,5
DA:71,5
DA:72,0
DA:73,0
DA:76,5
DA:79,12
DA:80,0
DA:82,0
DA:83,0
DA:84,0
DA:88,0
DA:90,0
DA:92,0
DA:93,0
DA:94,0
DA:97,0
LF:42
LH:16
BRDA:24,0,0,0
BRDA:24,0,1,0
BRDA:83,1,0,0
BRF:3
BRH:0
end_of_record
TN:
SF:db\companies.ts
FN:6,CreateCompany
FN:20,RetrieveCompanyByID
FN:31,DeleteCompany
FN:36,GetAllCompanyIds
FN:40,(anonymous_15)
FNF:5
FNH:3
FNDA:2,CreateCompany
FNDA:4,RetrieveCompanyByID
FNDA:3,DeleteCompany
FNDA:0,GetAllCompanyIds
FNDA:0,(anonymous_15)
DA:3,12
DA:4,12
DA:6,12
DA:7,2
DA:8,2
DA:11,0
DA:14,2
DA:20,12
DA:21,4
DA:22,4
DA:24,4
DA:25,0
DA:28,4
DA:31,12
DA:32,3
DA:33,3
DA:36,12
DA:37,0
DA:38,0
DA:40,0
DA:41,0
DA:42,0
DA:45,0
LF:23
LH:15
BRDA:24,0,0,0
BRF:1
BRH:0
end_of_record
TN:
SF:db\db.ts
FN:21,(anonymous_0)
FN:34,(anonymous_1)
FN:38,(anonymous_2)
FN:42,(anonymous_3)
FN:46,(anonymous_4)
FN:50,(anonymous_5)
FN:54,(anonymous_6)
FNF:7
FNH:6
FNDA:11,(anonymous_0)
FNDA:30,(anonymous_1)
FNDA:14,(anonymous_2)
FNDA:21,(anonymous_3)
FNDA:9,(anonymous_4)
FNDA:0,(anonymous_5)
FNDA:6,(anonymous_6)
DA:2,12
DA:3,12
DA:4,12
DA:5,12
DA:6,12
DA:9,12
DA:10,12
DA:22,11
DA:27,11
DA:29,11
DA:35,30
DA:39,14
DA:43,21
DA:47,9
DA:51,0
DA:55,6
DA:60,12
LF:17
LH:16
BRF:0
BRH:0
end_of_record
TN:
SF:db\jobs.ts
FN:5,CreateJobListing
FN:36,RetrieveJobListing
FN:43,UpdateJobListing
FN:56,DeleteJobListing
FN:65,DeleteJobsByCompanyID
FN:71,(anonymous_18)
FN:79,DeleteJobFromSaved
FN:82,(anonymous_21)
FN:82,(anonymous_22)
FN:86,(anonymous_23)
FN:93,GetSavedJobsForSearcher
FN:112,GetAllJobIDs
FN:116,(anonymous_28)
FN:124,RetrieveJobListingsByFilter
FN:164,(anonymous_31)
FNF:15
FNH:13
FNDA:2,CreateJobListing
FNDA:3,RetrieveJobListing
FNDA:1,UpdateJobListing
FNDA:2,DeleteJobListing
FNDA:3,DeleteJobsByCompanyID
FNDA:1,(anonymous_18)
FNDA:2,DeleteJobFromSaved
FNDA:10,(anonymous_21)
FNDA:10,(anonymous_22)
FNDA:0,(anonymous_23)
FNDA:0,GetSavedJobsForSearcher
FNDA:1,GetAllJobIDs
FNDA:104,(anonymous_28)
FNDA:1,RetrieveJobListingsByFilter
FNDA:1,(anonymous_31)
DA:5,12
DA:6,2
DA:8,2
DA:9,2
DA:28,0
DA:31,1
DA:36,12
DA:37,3
DA:38,3
DA:40,3
DA:43,12
DA:44,1
DA:46,1
DA:48,1
DA:49,1
DA:51,0
DA:56,12
DA:57,2
DA:59,2
DA:60,2
DA:65,12
DA:66,3
DA:67,0
DA:69,3
DA:70,3
DA:71,3
DA:72,1
DA:79,12
DA:80,2
DA:81,2
DA:82,10
DA:83,10
DA:84,10
DA:85,10
DA:86,0
DA:87,0
DA:90,2
DA:93,12
DA:94,0
DA:95,0
DA:96,0
DA:99,0
DA:100,0
DA:102,0
DA:103,0
DA:104,0
DA:105,0
DA:109,0
DA:112,12
DA:113,1
DA:114,1
DA:116,1
DA:117,104
DA:118,104
DA:121,1
DA:124,12
DA:125,1
DA:127,1
DA:128,1
DA:129,1
DA:138,1
DA:139,1
DA:141,0
DA:142,0
DA:144,0
DA:145,0
DA:146,0
DA:147,0
DA:148,0
DA:149,0
DA:151,0
DA:154,0
DA:155,0
DA:160,1
DA:162,1
DA:164,1
DA:165,1
DA:166,1
DA:169,1
LF:79
LH:53
BRDA:66,0,0,0
BRDA:84,1,0,10
BRDA:84,1,1,0
BRDA:85,2,0,0
BRDA:95,3,0,0
BRDA:104,4,0,0
BRDA:128,5,0,1
BRDA:128,6,0,1
BRDA:128,6,1,1
BRDA:128,6,2,1
BRDA:129,7,0,0
BRDA:129,7,1,0
BRDA:129,7,2,0
BRDA:129,7,3,0
BRDA:129,7,4,0
BRDA:129,7,5,0
BRDA:129,7,6,0
BRDA:129,7,7,1
BRDA:129,7,8,0
BRDA:129,7,9,0
BRDA:129,7,10,0
BRDA:129,7,11,0
BRDA:144,8,0,0
BRDA:144,9,0,0
BRDA:144,9,1,0
BRF:25
BRH:6
end_of_record
TN:
SF:db\notifications.ts
FN:5,CreateNotification
FN:29,RetrieveNotification
FN:36,GetAllUserNotifs
FN:41,(anonymous_19)
FN:49,DeleteNotification
FNF:5
FNH:0
FNDA:0,CreateNotification
FNDA:0,RetrieveNotification
FNDA:0,GetAllUserNotifs
FNDA:0,(anonymous_19)
FNDA:0,DeleteNotification
DA:3,1
DA:5,1
DA:6,0
DA:9,0
DA:10,0
DA:15,0
DA:18,0
DA:20,0
DA:21,0
DA:24,0
DA:25,0
DA:26,0
DA:29,1
DA:30,0
DA:31,0
DA:33,0
DA:36,1
DA:38,0
DA:39,0
DA:41,0
DA:42,0
DA:43,0
DA:46,0
DA:49,1
DA:50,0
DA:51,0
LF:26
LH:5
BRDA:20,0,0,0
BRF:1
BRH:0
end_of_record
TN:
SF:db\searchers.ts
FN:6,CreateSearcher
FN:25,RetrieveSearcherByID
FN:36,DeleteSearcher
FN:41,GetAllSearcherIDs
FN:45,(anonymous_15)
FNF:5
FNH:3
FNDA:4,CreateSearcher
FNDA:10,RetrieveSearcherByID
FNDA:5,DeleteSearcher
FNDA:0,GetAllSearcherIDs
FNDA:0,(anonymous_15)
DA:2,12
DA:4,12
DA:6,12
DA:7,4
DA:8,4
DA:11,0
DA:14,4
DA:25,12
DA:26,10
DA:27,10
DA:29,10
DA:30,0
DA:33,10
DA:36,12
DA:37,5
DA:38,5
DA:41,12
DA:42,0
DA:43,0
DA:45,0
DA:46,0
DA:47,0
DA:50,0
LF:23
LH:15
BRDA:29,0,0,0
BRF:1
BRH:0
end_of_record
TN:
SF:db\users.ts
FN:8,CreateUser
FN:23,RetrieveFullUserByID
FN:56,RetrieveFullUserByEmail
FN:85,UpdateUser
FN:93,(anonymous_21)
FN:108,(anonymous_22)
FN:124,(anonymous_23)
FN:137,DeleteUser
FN:156,DeleteUserByEmail
FN:173,GetUserID
FN:188,GetAllSearcherIDs
FN:192,(anonymous_32)
FN:200,GetAllCompanyIDs
FN:204,(anonymous_35)
FN:212,RetrieveUserByCompanyID
FN:218,RetrieveUserBySearcherID
FNF:16
FNH:5
FNDA:6,CreateUser
FNDA:6,RetrieveFullUserByID
FNDA:9,RetrieveFullUserByEmail
FNDA:0,UpdateUser
FNDA:0,(anonymous_21)
FNDA:0,(anonymous_22)
FNDA:0,(anonymous_23)
FNDA:6,DeleteUser
FNDA:2,DeleteUserByEmail
FNDA:0,GetUserID
FNDA:0,GetAllSearcherIDs
FNDA:0,(anonymous_32)
FNDA:0,GetAllCompanyIDs
FNDA:0,(anonymous_35)
FNDA:0,RetrieveUserByCompanyID
FNDA:0,RetrieveUserBySearcherID
DA:1,12
DA:2,12
DA:3,12
DA:5,12
DA:8,12
DA:9,6
DA:23,12
DA:26,6
DA:29,6
DA:31,6
DA:32,0
DA:35,6
DA:37,6
DA:38,2
DA:40,2
DA:42,2
DA:45,4
DA:46,4
DA:48,4
DA:50,4
DA:53,0
DA:56,12
DA:57,9
DA:59,9
DA:61,8
DA:63,8
DA:65,8
DA:66,2
DA:68,2
DA:70,2
DA:71,6
DA:72,6
DA:74,6
DA:76,6
DA:79,0
DA:81,0
DA:85,12
DA:87,0
DA:89,0
DA:91,0
DA:93,0
DA:94,0
DA:95,0
DA:99,0
DA:100,0
DA:101,0
DA:104,0
DA:105,0
DA:106,0
DA:108,0
DA:109,0
DA:110,0
DA:114,0
DA:115,0
DA:120,0
DA:121,0
DA:122,0
DA:124,0
DA:125,0
DA:126,0
DA:130,0
DA:131,0
DA:137,12
DA:138,6
DA:139,6
DA:140,0
DA:143,6
DA:144,6
DA:145,6
DA:146,6
DA:148,6
DA:149,2
DA:150,4
DA:151,4
DA:156,12
DA:157,2
DA:158,2
DA:159,0
DA:162,2
DA:164,2
DA:165,1
DA:166,1
DA:167,1
DA:170,2
DA:173,12
DA:174,0
DA:175,0
DA:176,0
DA:179,0
DA:180,0
DA:181,0
DA:184,0
DA:188,12
DA:189,0
DA:190,0
DA:192,0
DA:193,0
DA:194,0
DA:197,0
DA:200,12
DA:201,0
DA:202,0
DA:204,0
DA:205,0
DA:206,0
DA:209,0
DA:212,12
DA:213,0
DA:214,0
DA:215,0
DA:218,12
DA:219,0
DA:220,0
DA:221,0
LF:114
LH:58
BRDA:31,0,0,0
BRDA:37,1,0,2
BRDA:40,2,0,0
BRDA:45,3,0,4
BRDA:48,4,0,0
BRDA:59,5,0,1
BRDA:61,6,0,0
BRDA:65,7,0,2
BRDA:65,7,1,6
BRDA:68,8,0,0
BRDA:71,9,0,6
BRDA:74,10,0,0
BRDA:94,11,0,0
BRDA:94,12,0,0
BRDA:94,12,1,0
BRDA:99,13,0,0
BRDA:100,14,0,0
BRDA:104,15,0,0
BRDA:109,16,0,0
BRDA:109,17,0,0
BRDA:109,17,1,0
BRDA:114,18,0,0
BRDA:120,19,0,0
BRDA:125,20,0,0
BRDA:125,21,0,0
BRDA:125,21,1,0
BRDA:130,22,0,0
BRDA:139,23,0,0
BRDA:148,24,0,2
BRDA:148,24,1,4
BRDA:150,25,0,4
BRDA:158,26,0,0
BRDA:164,27,0,1
BRDA:164,27,1,1
BRDA:166,28,0,1
BRDA:175,29,0,0
BRDA:180,30,0,0
BRDA:214,31,0,0
BRDA:220,32,0,0
BRF:39
BRH:12
end_of_record
TN:
SF:models\application.ts
FN:14,(anonymous_0)
FN:27,(anonymous_1)
FN:28,(anonymous_2)
FNF:3
FNH:2
FNDA:2,(anonymous_0)
FNDA:1,(anonymous_1)
FNDA:0,(anonymous_2)
DA:15,2
DA:16,2
DA:17,2
DA:18,2
DA:19,2
DA:20,2
DA:21,2
DA:26,12
DA:27,1
DA:28,0
DA:31,12
LF:11
LH:10
BRF:0
BRH:0
end_of_record
TN:
SF:models\job.ts
FN:22,(anonymous_0)
FN:60,(anonymous_1)
FN:61,(anonymous_2)
FNF:3
FNH:3
FNDA:3,(anonymous_0)
FNDA:2,(anonymous_1)
FNDA:3,(anonymous_2)
DA:40,3
DA:41,3
DA:42,3
DA:43,3
DA:44,3
DA:45,3
DA:46,3
DA:47,3
DA:48,3
DA:49,3
DA:50,3
DA:51,3
DA:52,3
DA:53,3
DA:54,3
DA:55,3
DA:59,12
DA:60,2
DA:61,3
DA:64,12
LF:20
LH:20
BRF:0
BRH:0
end_of_record
TN:
SF:models\notification.ts
FN:9,(anonymous_0)
FN:19,(anonymous_1)
FN:20,(anonymous_2)
FNF:3
FNH:0
FNDA:0,(anonymous_0)
FNDA:0,(anonymous_1)
FNDA:0,(anonymous_2)
DA:10,0
DA:11,0
DA:12,0
DA:13,0
DA:14,0
DA:18,12
DA:19,0
DA:20,0
DA:23,12
LF:9
LH:2
BRF:0
BRH:0
end_of_record
TN:
SF:models\user.ts
FN:15,(anonymous_0)
FN:33,(anonymous_1)
FN:50,(anonymous_2)
FN:72,(anonymous_3)
FN:89,(anonymous_4)
FN:108,(anonymous_5)
FN:109,(anonymous_6)
FN:113,(anonymous_7)
FN:114,(anonymous_8)
FN:118,(anonymous_9)
FN:119,(anonymous_10)
FNF:11
FNH:11
FNDA:20,(anonymous_0)
FNDA:14,(anonymous_1)
FNDA:14,(anonymous_2)
FNDA:2,(anonymous_3)
FNDA:4,(anonymous_4)
FNDA:6,(anonymous_5)
FNDA:14,(anonymous_6)
FNDA:2,(anonymous_7)
FNDA:4,(anonymous_8)
FNDA:4,(anonymous_9)
FNDA:20,(anonymous_10)
DA:16,20
DA:17,20
DA:18,20
DA:19,20
DA:20,20
DA:21,20
DA:22,20
DA:23,20
DA:24,20
DA:45,14
DA:46,14
DA:47,14
DA:51,14
DA:75,2
DA:76,2
DA:97,4
DA:98,4
DA:99,4
DA:100,4
DA:101,4
DA:102,4
DA:103,4
DA:107,12
DA:108,6
DA:109,14
DA:112,12
DA:113,2
DA:114,4
DA:117,12
DA:118,4
DA:119,20
DA:122,12
LF:32
LH:32
BRF:0
BRH:0
end_of_record
TN:
SF:service\public.ts
FN:8,getErrorMessage
FNF:1
FNH:0
FNDA:0,getErrorMessage
DA:8,12
DA:9,0
DA:10,0
DA:22,12
DA:24,12
DA:25,12
DA:26,12
DA:27,12
DA:28,12
DA:29,12
DA:30,12
DA:31,12
DA:32,12
DA:33,12
DA:34,12
DA:35,12
DA:36,12
DA:37,12
DA:38,12
DA:39,12
DA:40,12
DA:41,12
DA:42,12
DA:43,12
DA:44,12
DA:45,12
DA:46,12
DA:47,12
DA:48,12
DA:49,12
DA:50,12
DA:51,12
DA:52,12
DA:53,12
DA:54,12
DA:55,12
DA:56,12
DA:57,12
DA:58,12
DA:59,12
DA:60,12
DA:61,12
DA:62,12
DA:63,12
DA:64,12
DA:65,12
DA:66,12
DA:67,12
DA:68,12
DA:69,12
DA:70,12
DA:71,12
DA:72,12
DA:73,12
DA:74,12
DA:75,12
DA:76,12
DA:77,12
DA:78,12
DA:79,12
DA:83,12
LF:61
LH:59
BRDA:9,0,0,0
BRF:1
BRH:0
end_of_record
TN:
SF:service\tokens.ts
FN:5,GenerateKeyPair
FN:15,GenerateJWT
FN:33,VerifyJWT
FNF:3
FNH:2
FNDA:1,GenerateKeyPair
FNDA:2,GenerateJWT
FNDA:0,VerifyJWT
DA:1,1
DA:2,1
DA:5,1
DA:6,1
DA:7,1
DA:9,1
DA:16,2
DA:21,2
DA:25,2
DA:26,1
DA:29,2
DA:33,1
DA:34,0
DA:35,0
LF:14
LH:12
BRDA:25,0,0,1
BRF:1
BRH:1
end_of_record
